[debug] [2024-11-15T07:36:15.334Z] ----------------------------------------------------------------------
[debug] [2024-11-15T07:36:15.336Z] Command:       C:\Program Files\nodejs\node.exe C:\Users\rober\AppData\Roaming\npm\node_modules\firebase-tools\lib\bin\firebase.js deploy --only functions,hosting
[debug] [2024-11-15T07:36:15.336Z] CLI Version:   13.25.0
[debug] [2024-11-15T07:36:15.336Z] Platform:      win32
[debug] [2024-11-15T07:36:15.336Z] Node Version:  v20.18.0
[debug] [2024-11-15T07:36:15.336Z] Time:          Fri Nov 15 2024 02:36:15 GMT-0500 (Eastern Standard Time)
[debug] [2024-11-15T07:36:15.336Z] ----------------------------------------------------------------------
[debug] 
[debug] [2024-11-15T07:36:15.378Z] > command requires scopes: ["email","openid","https://www.googleapis.com/auth/cloudplatformprojects.readonly","https://www.googleapis.com/auth/firebase","https://www.googleapis.com/auth/cloud-platform"]
[debug] [2024-11-15T07:36:15.378Z] > authorizing via signed-in user (roberadesissaclass@gmail.com)
[debug] [2024-11-15T07:36:15.378Z] [iam] checking project arcaureus-stream for permissions ["cloudfunctions.functions.create","cloudfunctions.functions.delete","cloudfunctions.functions.get","cloudfunctions.functions.list","cloudfunctions.functions.update","cloudfunctions.operations.get","firebase.projects.get","firebasehosting.sites.update"]
[debug] [2024-11-15T07:36:15.379Z] Checked if tokens are valid: true, expires at: 1731657292196
[debug] [2024-11-15T07:36:15.379Z] Checked if tokens are valid: true, expires at: 1731657292196
[debug] [2024-11-15T07:36:15.380Z] >>> [apiv2][query] POST https://cloudresourcemanager.googleapis.com/v1/projects/arcaureus-stream:testIamPermissions [none]
[debug] [2024-11-15T07:36:15.380Z] >>> [apiv2][(partial)header] POST https://cloudresourcemanager.googleapis.com/v1/projects/arcaureus-stream:testIamPermissions x-goog-quota-user=projects/arcaureus-stream
[debug] [2024-11-15T07:36:15.380Z] >>> [apiv2][body] POST https://cloudresourcemanager.googleapis.com/v1/projects/arcaureus-stream:testIamPermissions {"permissions":["cloudfunctions.functions.create","cloudfunctions.functions.delete","cloudfunctions.functions.get","cloudfunctions.functions.list","cloudfunctions.functions.update","cloudfunctions.operations.get","firebase.projects.get","firebasehosting.sites.update"]}
[debug] [2024-11-15T07:36:15.610Z] <<< [apiv2][status] POST https://cloudresourcemanager.googleapis.com/v1/projects/arcaureus-stream:testIamPermissions 200
[debug] [2024-11-15T07:36:15.610Z] <<< [apiv2][body] POST https://cloudresourcemanager.googleapis.com/v1/projects/arcaureus-stream:testIamPermissions {"permissions":["cloudfunctions.functions.create","cloudfunctions.functions.delete","cloudfunctions.functions.get","cloudfunctions.functions.list","cloudfunctions.functions.update","cloudfunctions.operations.get","firebase.projects.get","firebasehosting.sites.update"]}
[debug] [2024-11-15T07:36:15.610Z] Checked if tokens are valid: true, expires at: 1731657292196
[debug] [2024-11-15T07:36:15.610Z] Checked if tokens are valid: true, expires at: 1731657292196
[debug] [2024-11-15T07:36:15.611Z] >>> [apiv2][query] POST https://iam.googleapis.com/v1/projects/arcaureus-stream/serviceAccounts/arcaureus-stream@appspot.gserviceaccount.com:testIamPermissions [none]
[debug] [2024-11-15T07:36:15.611Z] >>> [apiv2][body] POST https://iam.googleapis.com/v1/projects/arcaureus-stream/serviceAccounts/arcaureus-stream@appspot.gserviceaccount.com:testIamPermissions {"permissions":["iam.serviceAccounts.actAs"]}
[debug] [2024-11-15T07:36:15.864Z] <<< [apiv2][status] POST https://iam.googleapis.com/v1/projects/arcaureus-stream/serviceAccounts/arcaureus-stream@appspot.gserviceaccount.com:testIamPermissions 200
[debug] [2024-11-15T07:36:15.864Z] <<< [apiv2][body] POST https://iam.googleapis.com/v1/projects/arcaureus-stream/serviceAccounts/arcaureus-stream@appspot.gserviceaccount.com:testIamPermissions {"permissions":["iam.serviceAccounts.actAs"]}
[debug] [2024-11-15T07:36:15.865Z] Checked if tokens are valid: true, expires at: 1731657292196
[debug] [2024-11-15T07:36:15.865Z] Checked if tokens are valid: true, expires at: 1731657292196
[debug] [2024-11-15T07:36:15.865Z] >>> [apiv2][query] GET https://firebase.googleapis.com/v1beta1/projects/arcaureus-stream [none]
[debug] [2024-11-15T07:36:16.234Z] <<< [apiv2][status] GET https://firebase.googleapis.com/v1beta1/projects/arcaureus-stream 200
[debug] [2024-11-15T07:36:16.234Z] <<< [apiv2][body] GET https://firebase.googleapis.com/v1beta1/projects/arcaureus-stream {"projectId":"arcaureus-stream","projectNumber":"677771098796","displayName":"Arcaureus Stream","name":"projects/arcaureus-stream","resources":{"hostingSite":"arcaureus-stream"},"state":"ACTIVE","etag":"1_cbdf4b7b-50e1-4651-bfe4-a66734c3a39e"}
[info] 
[info] === Deploying to 'arcaureus-stream'...
[info] 
[info] i  deploying functions, hosting 
[debug] [2024-11-15T07:36:16.236Z] Checked if tokens are valid: true, expires at: 1731657292196
[debug] [2024-11-15T07:36:16.236Z] Checked if tokens are valid: true, expires at: 1731657292196
[debug] [2024-11-15T07:36:16.236Z] >>> [apiv2][query] GET https://firebase.googleapis.com/v1beta1/projects/arcaureus-stream [none]
[debug] [2024-11-15T07:36:16.499Z] <<< [apiv2][status] GET https://firebase.googleapis.com/v1beta1/projects/arcaureus-stream 200
[debug] [2024-11-15T07:36:16.499Z] <<< [apiv2][body] GET https://firebase.googleapis.com/v1beta1/projects/arcaureus-stream {"projectId":"arcaureus-stream","projectNumber":"677771098796","displayName":"Arcaureus Stream","name":"projects/arcaureus-stream","resources":{"hostingSite":"arcaureus-stream"},"state":"ACTIVE","etag":"1_cbdf4b7b-50e1-4651-bfe4-a66734c3a39e"}
[info] i  functions: preparing codebase default for deployment 
[info] i  functions: ensuring required API cloudfunctions.googleapis.com is enabled... 
[debug] [2024-11-15T07:36:16.500Z] Checked if tokens are valid: true, expires at: 1731657292196
[debug] [2024-11-15T07:36:16.500Z] Checked if tokens are valid: true, expires at: 1731657292196
[debug] [2024-11-15T07:36:16.500Z] Checked if tokens are valid: true, expires at: 1731657292196
[debug] [2024-11-15T07:36:16.500Z] Checked if tokens are valid: true, expires at: 1731657292196
[info] i  functions: ensuring required API cloudbuild.googleapis.com is enabled... 
[debug] [2024-11-15T07:36:16.500Z] Checked if tokens are valid: true, expires at: 1731657292196
[debug] [2024-11-15T07:36:16.500Z] Checked if tokens are valid: true, expires at: 1731657292196
[info] i  artifactregistry: ensuring required API artifactregistry.googleapis.com is enabled... 
[debug] [2024-11-15T07:36:16.500Z] Checked if tokens are valid: true, expires at: 1731657292196
[debug] [2024-11-15T07:36:16.500Z] Checked if tokens are valid: true, expires at: 1731657292196
[debug] [2024-11-15T07:36:16.500Z] >>> [apiv2][query] GET https://serviceusage.googleapis.com/v1/projects/arcaureus-stream/services/cloudfunctions.googleapis.com [none]
[debug] [2024-11-15T07:36:16.500Z] >>> [apiv2][(partial)header] GET https://serviceusage.googleapis.com/v1/projects/arcaureus-stream/services/cloudfunctions.googleapis.com x-goog-quota-user=projects/arcaureus-stream
[debug] [2024-11-15T07:36:16.501Z] >>> [apiv2][query] GET https://serviceusage.googleapis.com/v1/projects/arcaureus-stream/services/runtimeconfig.googleapis.com [none]
[debug] [2024-11-15T07:36:16.501Z] >>> [apiv2][(partial)header] GET https://serviceusage.googleapis.com/v1/projects/arcaureus-stream/services/runtimeconfig.googleapis.com x-goog-quota-user=projects/arcaureus-stream
[debug] [2024-11-15T07:36:16.502Z] >>> [apiv2][query] GET https://serviceusage.googleapis.com/v1/projects/arcaureus-stream/services/cloudbuild.googleapis.com [none]
[debug] [2024-11-15T07:36:16.502Z] >>> [apiv2][(partial)header] GET https://serviceusage.googleapis.com/v1/projects/arcaureus-stream/services/cloudbuild.googleapis.com x-goog-quota-user=projects/arcaureus-stream
[debug] [2024-11-15T07:36:16.502Z] >>> [apiv2][query] GET https://serviceusage.googleapis.com/v1/projects/arcaureus-stream/services/artifactregistry.googleapis.com [none]
[debug] [2024-11-15T07:36:16.502Z] >>> [apiv2][(partial)header] GET https://serviceusage.googleapis.com/v1/projects/arcaureus-stream/services/artifactregistry.googleapis.com x-goog-quota-user=projects/arcaureus-stream
[debug] [2024-11-15T07:36:16.887Z] <<< [apiv2][status] GET https://serviceusage.googleapis.com/v1/projects/arcaureus-stream/services/artifactregistry.googleapis.com 200
[debug] [2024-11-15T07:36:16.887Z] <<< [apiv2][body] GET https://serviceusage.googleapis.com/v1/projects/arcaureus-stream/services/artifactregistry.googleapis.com [omitted]
[info] +  artifactregistry: required API artifactregistry.googleapis.com is enabled 
[debug] [2024-11-15T07:36:16.898Z] <<< [apiv2][status] GET https://serviceusage.googleapis.com/v1/projects/arcaureus-stream/services/runtimeconfig.googleapis.com 200
[debug] [2024-11-15T07:36:16.898Z] <<< [apiv2][body] GET https://serviceusage.googleapis.com/v1/projects/arcaureus-stream/services/runtimeconfig.googleapis.com [omitted]
[debug] [2024-11-15T07:36:16.919Z] <<< [apiv2][status] GET https://serviceusage.googleapis.com/v1/projects/arcaureus-stream/services/cloudbuild.googleapis.com 200
[debug] [2024-11-15T07:36:16.919Z] <<< [apiv2][body] GET https://serviceusage.googleapis.com/v1/projects/arcaureus-stream/services/cloudbuild.googleapis.com [omitted]
[info] +  functions: required API cloudbuild.googleapis.com is enabled 
[debug] [2024-11-15T07:36:16.921Z] <<< [apiv2][status] GET https://serviceusage.googleapis.com/v1/projects/arcaureus-stream/services/cloudfunctions.googleapis.com 200
[debug] [2024-11-15T07:36:16.921Z] <<< [apiv2][body] GET https://serviceusage.googleapis.com/v1/projects/arcaureus-stream/services/cloudfunctions.googleapis.com [omitted]
[info] +  functions: required API cloudfunctions.googleapis.com is enabled 
[debug] [2024-11-15T07:36:16.921Z] Checked if tokens are valid: true, expires at: 1731657292196
[debug] [2024-11-15T07:36:16.921Z] Checked if tokens are valid: true, expires at: 1731657292196
[debug] [2024-11-15T07:36:16.921Z] >>> [apiv2][query] GET https://firebase.googleapis.com/v1beta1/projects/arcaureus-stream/adminSdkConfig [none]
[debug] [2024-11-15T07:36:17.202Z] <<< [apiv2][status] GET https://firebase.googleapis.com/v1beta1/projects/arcaureus-stream/adminSdkConfig 200
[debug] [2024-11-15T07:36:17.202Z] <<< [apiv2][body] GET https://firebase.googleapis.com/v1beta1/projects/arcaureus-stream/adminSdkConfig {"projectId":"arcaureus-stream","storageBucket":"arcaureus-stream.firebasestorage.app"}
[debug] [2024-11-15T07:36:17.203Z] Checked if tokens are valid: true, expires at: 1731657292196
[debug] [2024-11-15T07:36:17.203Z] Checked if tokens are valid: true, expires at: 1731657292196
[debug] [2024-11-15T07:36:17.203Z] >>> [apiv2][query] GET https://runtimeconfig.googleapis.com/v1beta1/projects/arcaureus-stream/configs [none]
[debug] [2024-11-15T07:36:17.449Z] <<< [apiv2][status] GET https://runtimeconfig.googleapis.com/v1beta1/projects/arcaureus-stream/configs 200
[debug] [2024-11-15T07:36:17.449Z] <<< [apiv2][body] GET https://runtimeconfig.googleapis.com/v1beta1/projects/arcaureus-stream/configs {}
[debug] [2024-11-15T07:36:17.450Z] Validating nodejs source
[debug] [2024-11-15T07:36:18.046Z] > [functions] package.json contents: {
  "name": "functions",
  "description": "Cloud Functions for Firebase",
  "scripts": {
    "serve": "firebase emulators:start --only functions",
    "shell": "firebase functions:shell",
    "start": "npm run shell",
    "deploy": "firebase deploy --only functions",
    "logs": "firebase functions:log"
  },
  "engines": {
    "node": "18"
  },
  "main": "index.js",
  "dependencies": {
    "firebase-admin": "^12.6.0",
    "firebase-functions": "^6.0.1"
  },
  "devDependencies": {
    "firebase-functions-test": "^3.1.0"
  },
  "private": true
}
[debug] [2024-11-15T07:36:18.046Z] Building nodejs source
[info] i  functions: Loading and analyzing source code for codebase default to determine what to deploy 
[debug] [2024-11-15T07:36:18.047Z] Could not find functions.yaml. Must use http discovery
[debug] [2024-11-15T07:36:18.052Z] Found firebase-functions binary at 'C:\Users\rober\Desktop\Cloud\movie\functions\node_modules\.bin\firebase-functions'
[info] Serving at port 8292

[debug] [2024-11-15T07:36:18.354Z] Got response from /__/functions.yaml {"endpoints":{"nextApp":{"availableMemoryMb":null,"timeoutSeconds":null,"minInstances":null,"maxInstances":null,"ingressSettings":null,"concurrency":null,"serviceAccountEmail":null,"vpc":null,"platform":"gcfv2","labels":{},"httpsTrigger":{},"entryPoint":"nextApp"}},"specVersion":"v1alpha1","requiredAPIs":[],"extensions":{}}
[info] i  extensions: ensuring required API firebaseextensions.googleapis.com is enabled... 
[debug] [2024-11-15T07:36:22.373Z] Checked if tokens are valid: true, expires at: 1731657292196
[debug] [2024-11-15T07:36:22.374Z] Checked if tokens are valid: true, expires at: 1731657292196
[debug] [2024-11-15T07:36:22.374Z] >>> [apiv2][query] GET https://serviceusage.googleapis.com/v1/projects/arcaureus-stream/services/firebaseextensions.googleapis.com [none]
[debug] [2024-11-15T07:36:22.374Z] >>> [apiv2][(partial)header] GET https://serviceusage.googleapis.com/v1/projects/arcaureus-stream/services/firebaseextensions.googleapis.com x-goog-quota-user=projects/arcaureus-stream
[debug] [2024-11-15T07:36:22.749Z] <<< [apiv2][status] GET https://serviceusage.googleapis.com/v1/projects/arcaureus-stream/services/firebaseextensions.googleapis.com 200
[debug] [2024-11-15T07:36:22.749Z] <<< [apiv2][body] GET https://serviceusage.googleapis.com/v1/projects/arcaureus-stream/services/firebaseextensions.googleapis.com [omitted]
[info] +  extensions: required API firebaseextensions.googleapis.com is enabled 
[debug] [2024-11-15T07:36:22.749Z] > command requires scopes: ["email","openid","https://www.googleapis.com/auth/cloudplatformprojects.readonly","https://www.googleapis.com/auth/firebase","https://www.googleapis.com/auth/cloud-platform"]
[debug] [2024-11-15T07:36:22.749Z] > authorizing via signed-in user (roberadesissaclass@gmail.com)
[debug] [2024-11-15T07:36:22.749Z] [iam] checking project arcaureus-stream for permissions ["firebase.projects.get","firebaseextensions.instances.list"]
[debug] [2024-11-15T07:36:22.749Z] Checked if tokens are valid: true, expires at: 1731657292196
[debug] [2024-11-15T07:36:22.749Z] Checked if tokens are valid: true, expires at: 1731657292196
[debug] [2024-11-15T07:36:22.750Z] >>> [apiv2][query] POST https://cloudresourcemanager.googleapis.com/v1/projects/arcaureus-stream:testIamPermissions [none]
[debug] [2024-11-15T07:36:22.750Z] >>> [apiv2][(partial)header] POST https://cloudresourcemanager.googleapis.com/v1/projects/arcaureus-stream:testIamPermissions x-goog-quota-user=projects/arcaureus-stream
[debug] [2024-11-15T07:36:22.750Z] >>> [apiv2][body] POST https://cloudresourcemanager.googleapis.com/v1/projects/arcaureus-stream:testIamPermissions {"permissions":["firebase.projects.get","firebaseextensions.instances.list"]}
[debug] [2024-11-15T07:36:22.938Z] <<< [apiv2][status] POST https://cloudresourcemanager.googleapis.com/v1/projects/arcaureus-stream:testIamPermissions 200
[debug] [2024-11-15T07:36:22.938Z] <<< [apiv2][body] POST https://cloudresourcemanager.googleapis.com/v1/projects/arcaureus-stream:testIamPermissions {"permissions":["firebase.projects.get","firebaseextensions.instances.list"]}
[debug] [2024-11-15T07:36:22.938Z] Checked if tokens are valid: true, expires at: 1731657292196
[debug] [2024-11-15T07:36:22.938Z] Checked if tokens are valid: true, expires at: 1731657292196
[debug] [2024-11-15T07:36:22.939Z] >>> [apiv2][query] GET https://firebaseextensions.googleapis.com/v1beta/projects/arcaureus-stream/instances pageSize=100&pageToken=
[debug] [2024-11-15T07:36:23.296Z] <<< [apiv2][status] GET https://firebaseextensions.googleapis.com/v1beta/projects/arcaureus-stream/instances 200
[debug] [2024-11-15T07:36:23.296Z] <<< [apiv2][body] GET https://firebaseextensions.googleapis.com/v1beta/projects/arcaureus-stream/instances {}
[info] i  functions: preparing functions directory for uploading... 
[info] i  functions: packaged C:\Users\rober\Desktop\Cloud\movie\functions (60.96 KB) for uploading 
[debug] [2024-11-15T07:36:23.315Z] Checked if tokens are valid: true, expires at: 1731657292196
[debug] [2024-11-15T07:36:23.315Z] Checked if tokens are valid: true, expires at: 1731657292196
[debug] [2024-11-15T07:36:23.315Z] >>> [apiv2][query] GET https://cloudfunctions.googleapis.com/v1/projects/arcaureus-stream/locations/-/functions [none]
[debug] [2024-11-15T07:36:24.047Z] <<< [apiv2][status] GET https://cloudfunctions.googleapis.com/v1/projects/arcaureus-stream/locations/-/functions 200
[debug] [2024-11-15T07:36:24.047Z] <<< [apiv2][body] GET https://cloudfunctions.googleapis.com/v1/projects/arcaureus-stream/locations/-/functions {}
[debug] [2024-11-15T07:36:24.047Z] Checked if tokens are valid: true, expires at: 1731657292196
[debug] [2024-11-15T07:36:24.047Z] Checked if tokens are valid: true, expires at: 1731657292196
[debug] [2024-11-15T07:36:24.047Z] >>> [apiv2][query] GET https://cloudfunctions.googleapis.com/v2/projects/arcaureus-stream/locations/-/functions filter=environment%3D%22GEN_2%22
[debug] [2024-11-15T07:36:24.535Z] <<< [apiv2][status] GET https://cloudfunctions.googleapis.com/v2/projects/arcaureus-stream/locations/-/functions 200
[debug] [2024-11-15T07:36:24.535Z] <<< [apiv2][body] GET https://cloudfunctions.googleapis.com/v2/projects/arcaureus-stream/locations/-/functions {"functions":[{"name":"projects/arcaureus-stream/locations/us-central1/functions/nextApp","buildConfig":{"build":"projects/677771098796/locations/us-central1/builds/27a66639-1f6c-4bb8-a72d-7eb6dd3bb890","runtime":"nodejs18","entryPoint":"nextApp","source":{"storageSource":{"bucket":"gcf-v2-sources-677771098796-us-central1","object":"nextApp/function-source.zip","generation":"1731655999726084"}},"environmentVariables":{"GOOGLE_NODE_RUN_SCRIPTS":""},"dockerRepository":"projects/arcaureus-stream/locations/us-central1/repositories/gcf-artifacts","serviceAccount":"projects/arcaureus-stream/serviceAccounts/677771098796-compute@developer.gserviceaccount.com","automaticUpdatePolicy":{}},"serviceConfig":{"service":"projects/arcaureus-stream/locations/us-central1/services/nextapp","timeoutSeconds":60,"environmentVariables":{"FIREBASE_CONFIG":"{\"projectId\":\"arcaureus-stream\",\"storageBucket\":\"arcaureus-stream.firebasestorage.app\"}","GCLOUD_PROJECT":"arcaureus-stream","EVENTARC_CLOUD_EVENT_SOURCE":"projects/arcaureus-stream/locations/us-central1/services/nextApp","FUNCTION_TARGET":"nextApp","LOG_EXECUTION_ID":"true"},"maxInstanceCount":3,"ingressSettings":"ALLOW_ALL","serviceAccountEmail":"677771098796-compute@developer.gserviceaccount.com","availableMemory":"256Mi","allTrafficOnLatestRevision":true,"revision":"nextapp-00001-wit","maxInstanceRequestConcurrency":80,"availableCpu":"1"},"state":"ACTIVE","updateTime":"2024-11-15T07:34:28.103695383Z","labels":{"deployment-tool":"cli-firebase","firebase-functions-hash":"a1056cbd075e4c5d87b9d181c238bba57e91abd1"},"environment":"GEN_2","url":"https://us-central1-arcaureus-stream.cloudfunctions.net/nextApp","createTime":"2024-11-15T07:25:01.930443123Z"}]}
[info] i  functions: ensuring required API run.googleapis.com is enabled... 
[debug] [2024-11-15T07:36:24.537Z] Checked if tokens are valid: true, expires at: 1731657292196
[debug] [2024-11-15T07:36:24.537Z] Checked if tokens are valid: true, expires at: 1731657292196
[info] i  functions: ensuring required API eventarc.googleapis.com is enabled... 
[debug] [2024-11-15T07:36:24.537Z] Checked if tokens are valid: true, expires at: 1731657292196
[debug] [2024-11-15T07:36:24.537Z] Checked if tokens are valid: true, expires at: 1731657292196
[info] i  functions: ensuring required API pubsub.googleapis.com is enabled... 
[debug] [2024-11-15T07:36:24.537Z] Checked if tokens are valid: true, expires at: 1731657292196
[debug] [2024-11-15T07:36:24.537Z] Checked if tokens are valid: true, expires at: 1731657292196
[info] i  functions: ensuring required API storage.googleapis.com is enabled... 
[debug] [2024-11-15T07:36:24.538Z] Checked if tokens are valid: true, expires at: 1731657292196
[debug] [2024-11-15T07:36:24.538Z] Checked if tokens are valid: true, expires at: 1731657292196
[debug] [2024-11-15T07:36:24.538Z] >>> [apiv2][query] GET https://serviceusage.googleapis.com/v1/projects/arcaureus-stream/services/run.googleapis.com [none]
[debug] [2024-11-15T07:36:24.538Z] >>> [apiv2][(partial)header] GET https://serviceusage.googleapis.com/v1/projects/arcaureus-stream/services/run.googleapis.com x-goog-quota-user=projects/arcaureus-stream
[debug] [2024-11-15T07:36:24.538Z] >>> [apiv2][query] GET https://serviceusage.googleapis.com/v1/projects/arcaureus-stream/services/eventarc.googleapis.com [none]
[debug] [2024-11-15T07:36:24.538Z] >>> [apiv2][(partial)header] GET https://serviceusage.googleapis.com/v1/projects/arcaureus-stream/services/eventarc.googleapis.com x-goog-quota-user=projects/arcaureus-stream
[debug] [2024-11-15T07:36:24.539Z] >>> [apiv2][query] GET https://serviceusage.googleapis.com/v1/projects/arcaureus-stream/services/pubsub.googleapis.com [none]
[debug] [2024-11-15T07:36:24.539Z] >>> [apiv2][(partial)header] GET https://serviceusage.googleapis.com/v1/projects/arcaureus-stream/services/pubsub.googleapis.com x-goog-quota-user=projects/arcaureus-stream
[debug] [2024-11-15T07:36:24.540Z] >>> [apiv2][query] GET https://serviceusage.googleapis.com/v1/projects/arcaureus-stream/services/storage.googleapis.com [none]
[debug] [2024-11-15T07:36:24.540Z] >>> [apiv2][(partial)header] GET https://serviceusage.googleapis.com/v1/projects/arcaureus-stream/services/storage.googleapis.com x-goog-quota-user=projects/arcaureus-stream
[debug] [2024-11-15T07:36:24.809Z] <<< [apiv2][status] GET https://serviceusage.googleapis.com/v1/projects/arcaureus-stream/services/run.googleapis.com 200
[debug] [2024-11-15T07:36:24.809Z] <<< [apiv2][body] GET https://serviceusage.googleapis.com/v1/projects/arcaureus-stream/services/run.googleapis.com [omitted]
[info] +  functions: required API run.googleapis.com is enabled 
[debug] [2024-11-15T07:36:24.830Z] <<< [apiv2][status] GET https://serviceusage.googleapis.com/v1/projects/arcaureus-stream/services/storage.googleapis.com 200
[debug] [2024-11-15T07:36:24.830Z] <<< [apiv2][body] GET https://serviceusage.googleapis.com/v1/projects/arcaureus-stream/services/storage.googleapis.com [omitted]
[info] +  functions: required API storage.googleapis.com is enabled 
[debug] [2024-11-15T07:36:24.866Z] <<< [apiv2][status] GET https://serviceusage.googleapis.com/v1/projects/arcaureus-stream/services/pubsub.googleapis.com 200
[debug] [2024-11-15T07:36:24.866Z] <<< [apiv2][body] GET https://serviceusage.googleapis.com/v1/projects/arcaureus-stream/services/pubsub.googleapis.com [omitted]
[info] +  functions: required API pubsub.googleapis.com is enabled 
[debug] [2024-11-15T07:36:24.955Z] <<< [apiv2][status] GET https://serviceusage.googleapis.com/v1/projects/arcaureus-stream/services/eventarc.googleapis.com 200
[debug] [2024-11-15T07:36:24.955Z] <<< [apiv2][body] GET https://serviceusage.googleapis.com/v1/projects/arcaureus-stream/services/eventarc.googleapis.com [omitted]
[info] +  functions: required API eventarc.googleapis.com is enabled 
[info] i  functions: generating the service identity for pubsub.googleapis.com... 
[debug] [2024-11-15T07:36:24.956Z] Checked if tokens are valid: true, expires at: 1731657292196
[debug] [2024-11-15T07:36:24.956Z] Checked if tokens are valid: true, expires at: 1731657292196
[info] i  functions: generating the service identity for eventarc.googleapis.com... 
[debug] [2024-11-15T07:36:24.956Z] Checked if tokens are valid: true, expires at: 1731657292196
[debug] [2024-11-15T07:36:24.956Z] Checked if tokens are valid: true, expires at: 1731657292196
[debug] [2024-11-15T07:36:24.956Z] >>> [apiv2][query] POST https://serviceusage.googleapis.com/v1beta1/projects/677771098796/services/pubsub.googleapis.com:generateServiceIdentity [none]
[debug] [2024-11-15T07:36:24.956Z] >>> [apiv2][query] POST https://serviceusage.googleapis.com/v1beta1/projects/677771098796/services/eventarc.googleapis.com:generateServiceIdentity [none]
[debug] [2024-11-15T07:36:25.290Z] <<< [apiv2][status] POST https://serviceusage.googleapis.com/v1beta1/projects/677771098796/services/pubsub.googleapis.com:generateServiceIdentity 200
[debug] [2024-11-15T07:36:25.290Z] <<< [apiv2][body] POST https://serviceusage.googleapis.com/v1beta1/projects/677771098796/services/pubsub.googleapis.com:generateServiceIdentity {"name":"operations/finished.DONE_OPERATION","done":true,"response":{"@type":"type.googleapis.com/google.api.serviceusage.v1beta1.ServiceIdentity","email":"service-677771098796@gcp-sa-pubsub.iam.gserviceaccount.com","uniqueId":"101479744681485263995"}}
[debug] [2024-11-15T07:36:25.354Z] <<< [apiv2][status] POST https://serviceusage.googleapis.com/v1beta1/projects/677771098796/services/eventarc.googleapis.com:generateServiceIdentity 200
[debug] [2024-11-15T07:36:25.355Z] <<< [apiv2][body] POST https://serviceusage.googleapis.com/v1beta1/projects/677771098796/services/eventarc.googleapis.com:generateServiceIdentity {"name":"operations/finished.DONE_OPERATION","done":true,"response":{"@type":"type.googleapis.com/google.api.serviceusage.v1beta1.ServiceIdentity","email":"service-677771098796@gcp-sa-eventarc.iam.gserviceaccount.com","uniqueId":"100969767025033877314"}}
[debug] [2024-11-15T07:36:25.356Z] Checked if tokens are valid: true, expires at: 1731657292196
[debug] [2024-11-15T07:36:25.356Z] Checked if tokens are valid: true, expires at: 1731657292196
[debug] [2024-11-15T07:36:25.356Z] >>> [apiv2][query] GET https://firebase.googleapis.com/v1beta1/projects/arcaureus-stream [none]
[debug] [2024-11-15T07:36:25.554Z] <<< [apiv2][status] GET https://firebase.googleapis.com/v1beta1/projects/arcaureus-stream 200
[debug] [2024-11-15T07:36:25.554Z] <<< [apiv2][body] GET https://firebase.googleapis.com/v1beta1/projects/arcaureus-stream {"projectId":"arcaureus-stream","projectNumber":"677771098796","displayName":"Arcaureus Stream","name":"projects/arcaureus-stream","resources":{"hostingSite":"arcaureus-stream"},"state":"ACTIVE","etag":"1_cbdf4b7b-50e1-4651-bfe4-a66734c3a39e"}
[debug] [2024-11-15T07:36:25.557Z] Checked if tokens are valid: true, expires at: 1731657292196
[debug] [2024-11-15T07:36:25.557Z] Checked if tokens are valid: true, expires at: 1731657292196
[debug] [2024-11-15T07:36:25.557Z] >>> [apiv2][query] POST https://firebasehosting.googleapis.com/v1beta1/projects/-/sites/arcaureus-stream/versions [none]
[debug] [2024-11-15T07:36:25.557Z] >>> [apiv2][body] POST https://firebasehosting.googleapis.com/v1beta1/projects/-/sites/arcaureus-stream/versions {"status":"CREATED","labels":{"deployment-tool":"cli-firebase"}}
[debug] [2024-11-15T07:36:26.220Z] <<< [apiv2][status] POST https://firebasehosting.googleapis.com/v1beta1/projects/-/sites/arcaureus-stream/versions 200
[debug] [2024-11-15T07:36:26.220Z] <<< [apiv2][body] POST https://firebasehosting.googleapis.com/v1beta1/projects/-/sites/arcaureus-stream/versions {"name":"projects/677771098796/sites/arcaureus-stream/versions/673a747b8e466eaa","status":"CREATED","config":{},"labels":{"deployment-tool":"cli-firebase"}}
[debug] [2024-11-15T07:36:26.220Z] Checked if tokens are valid: true, expires at: 1731657292196
[debug] [2024-11-15T07:36:26.220Z] Checked if tokens are valid: true, expires at: 1731657292196
[debug] [2024-11-15T07:36:26.220Z] >>> [apiv2][query] GET https://cloudbilling.googleapis.com/v1/projects/arcaureus-stream/billingInfo [none]
[debug] [2024-11-15T07:36:26.536Z] <<< [apiv2][status] GET https://cloudbilling.googleapis.com/v1/projects/arcaureus-stream/billingInfo 200
[debug] [2024-11-15T07:36:26.537Z] <<< [apiv2][body] GET https://cloudbilling.googleapis.com/v1/projects/arcaureus-stream/billingInfo {"name":"projects/arcaureus-stream/billingInfo","projectId":"arcaureus-stream","billingAccountName":"billingAccounts/01BBDD-B76EC3-4CAF99","billingEnabled":true}
[debug] [2024-11-15T07:36:26.537Z] Checked if tokens are valid: true, expires at: 1731657292196
[debug] [2024-11-15T07:36:26.537Z] Checked if tokens are valid: true, expires at: 1731657292196
[debug] [2024-11-15T07:36:26.537Z] >>> [apiv2][query] POST https://cloudfunctions.googleapis.com/v2/projects/arcaureus-stream/locations/us-central1/functions:generateUploadUrl [none]
[debug] [2024-11-15T07:36:26.871Z] <<< [apiv2][status] POST https://cloudfunctions.googleapis.com/v2/projects/arcaureus-stream/locations/us-central1/functions:generateUploadUrl 200
[debug] [2024-11-15T07:36:26.871Z] <<< [apiv2][body] POST https://cloudfunctions.googleapis.com/v2/projects/arcaureus-stream/locations/us-central1/functions:generateUploadUrl {"uploadUrl":"https://storage.googleapis.com/gcf-v2-uploads-677771098796.us-central1.cloudfunctions.appspot.com/517bbd82-b7a0-4c25-8c92-ce22e7d8b290.zip?GoogleAccessId=service-677771098796@gcf-admin-robot.iam.gserviceaccount.com&Expires=1731657984&Signature=U8avSbjabIhpsgKymLRA9wthgeqve404TzNm3oQyVMjq1JrLm501kZ9AKgjqjbseZ8aHEvq6gizq1vINjrS3aQ9bdDUnBZXV9Lw1LMHogrs5M6aJYqr9u8QXvf0jxy6uyNj8KxgmKBruykXwIsVfezxcU6PPac7tbqJPI51U7Bg01x%2B74dtfzPwDCl0UHHD6bUngZszpS8xP4rv7W5QhsQpZOF2I9dUbZsX9uR%2B%2BsAYswqPQlj3yOGCQ42h%2B1Vml4%2BWK1%2BWI96f1slWxAiPM9uyf4ZotAWxQ6R6yBSk%2FJ4fRkGFlvMLXREAvTBKRvdoEsg3EwwZMYiv%2BsclOZKMk5w%3D%3D","storageSource":{"bucket":"gcf-v2-uploads-677771098796.us-central1.cloudfunctions.appspot.com","object":"517bbd82-b7a0-4c25-8c92-ce22e7d8b290.zip"}}
[debug] [2024-11-15T07:36:26.872Z] >>> [apiv2][query] PUT https://storage.googleapis.com/gcf-v2-uploads-677771098796.us-central1.cloudfunctions.appspot.com/517bbd82-b7a0-4c25-8c92-ce22e7d8b290.zip GoogleAccessId=service-677771098796%40gcf-admin-robot.iam.gserviceaccount.com&Expires=1731657984&Signature=U8avSbjabIhpsgKymLRA9wthgeqve404TzNm3oQyVMjq1JrLm501kZ9AKgjqjbseZ8aHEvq6gizq1vINjrS3aQ9bdDUnBZXV9Lw1LMHogrs5M6aJYqr9u8QXvf0jxy6uyNj8KxgmKBruykXwIsVfezxcU6PPac7tbqJPI51U7Bg01x%2B74dtfzPwDCl0UHHD6bUngZszpS8xP4rv7W5QhsQpZOF2I9dUbZsX9uR%2B%2BsAYswqPQlj3yOGCQ42h%2B1Vml4%2BWK1%2BWI96f1slWxAiPM9uyf4ZotAWxQ6R6yBSk%2FJ4fRkGFlvMLXREAvTBKRvdoEsg3EwwZMYiv%2BsclOZKMk5w%3D%3D
[debug] [2024-11-15T07:36:26.872Z] >>> [apiv2][body] PUT https://storage.googleapis.com/gcf-v2-uploads-677771098796.us-central1.cloudfunctions.appspot.com/517bbd82-b7a0-4c25-8c92-ce22e7d8b290.zip [stream]
[debug] [2024-11-15T07:36:27.201Z] <<< [apiv2][status] PUT https://storage.googleapis.com/gcf-v2-uploads-677771098796.us-central1.cloudfunctions.appspot.com/517bbd82-b7a0-4c25-8c92-ce22e7d8b290.zip 200
[debug] [2024-11-15T07:36:27.201Z] <<< [apiv2][body] PUT https://storage.googleapis.com/gcf-v2-uploads-677771098796.us-central1.cloudfunctions.appspot.com/517bbd82-b7a0-4c25-8c92-ce22e7d8b290.zip [omitted]
[info] +  functions: functions folder uploaded successfully 
[info] i  hosting[arcaureus-stream]: beginning deploy... 
[info] i  hosting[arcaureus-stream]: found 106 files in build 
[debug] [2024-11-15T07:36:27.220Z] [hosting] uploading with 200 concurrency
[debug] [2024-11-15T07:36:27.226Z] Checked if tokens are valid: true, expires at: 1731657292196
[debug] [2024-11-15T07:36:27.226Z] Checked if tokens are valid: true, expires at: 1731657292196
[debug] [2024-11-15T07:36:27.226Z] [hosting] hash cache [YnVpbGQ] stored for 106 files
[debug] [2024-11-15T07:36:27.226Z] [hosting][hash queue][FINAL] {"max":1,"min":0,"avg":0.11633540716965056,"active":0,"complete":106,"success":106,"errored":0,"retried":0,"total":106,"elapsed":4}
[debug] [2024-11-15T07:36:27.227Z] >>> [apiv2][query] POST https://firebasehosting.googleapis.com/v1beta1/projects/677771098796/sites/arcaureus-stream/versions/673a747b8e466eaa:populateFiles [none]
[debug] [2024-11-15T07:36:27.227Z] >>> [apiv2][body] POST https://firebasehosting.googleapis.com/v1beta1/projects/677771098796/sites/arcaureus-stream/versions/673a747b8e466eaa:populateFiles {"files":{"/trace":"5ad624b0cc86c0c3f59a227a166ad67893fcba9f45b29766c1d884e200d54ad9","/react-loadable-manifest.json":"c48af1e2b469cf8c869097540babee7b3e9810571595fb4a312b69e12a372a8a","/package.json":"e3ecc54661b99f0cf5ad670f14210732a4962bbfd094aed57a853ccca5254ee3","/build-manifest.json":"91c0462e958d64ea82368397006943601a810772ed422a50db6f276241c01a26","/app-build-manifest.json":"d7a56ee6998ad483c724d0af8fe1a32a9e573fa67ee7e60f6a38ded1eb79879b","/types/package.json":"67fd8969c85e020b743de43c2e40482c292fa1487964b76d095a9f7aa2702ae6","/types/cache-life.d.ts":"f383e3b12c6dd203485e0650b39b70f7a94c1fa3827b55fd9162fc2fcccc47a5","/types/app/page.ts":"9c9d38067279d49925c2c5b049e50f04719e92bc6cc21816536f5717167951a7","/types/app/layout.ts":"3ad2db008cc0a24662da0679634e80500519add4793f9c8bc3da385eda7b2add","/static/webpack/webpack.57feb19930205ec1.hot-update.js":"94084d23e64c3defca80aa98e818cd8c5f7193d022218df835042e8f4e1a9cb3","/static/webpack/633457081244afec._.hot-update.json":"2a5749d8d4f90f9300f070f62055b673cd160bf55a4ce8014396e377ccbb4c1c","/static/webpack/57feb19930205ec1.webpack.hot-update.json":"290badb09acee157648a5ecc4da886c699519507b58b2f8f5226d6a7a51a88aa","/static/webpack/app/layout.57feb19930205ec1.hot-update.js":"6709ff09b06af5101b465186abf5cbb3270624a0bfd06e15592cfc674ea33e9c","/static/media/df0a9ae256c0569c-s.woff2":"5ef466d8ca6f4a51fa3751faea59ad2f63b15dbf9782ae4246bcadacc57f6b8f","/static/media/a34f9d1faa5f3315-s.p.woff2":"473e73e6d87acc6c9df83464a5f1f46cef3942a761f0ed84dabc20a48f8f612c","/static/media/97e0cb1ae144a2a9-s.woff2":"7f297ea688c4600e59ca6534a3f21f53bfa3f286cc0d19a35543315781951381","/static/media/6d93bde91c0c2823-s.woff2":"54db8b552f24259e25b0ed2291ad04045f54816cdf10a9e2b2b350c9e6b12397","/static/media/581909926a08bbc8-s.woff2":"0e60a16188a2d115835bb0497cc663807ef4c951ea3033aaaa98e4e9605510e1","/static/media/55c55f0601d81cf3-s.woff2":"f919b2595b36cbe21633695ac08cbc808d615f1e5e964227b64c6d398caa0332","/static/media/26a46d62cd723877-s.woff2":"ae5c06e2307aad7bf8fb02467ddd2ea6d7f40ea27915c5d9667f7632db6a0dbc","/static/development/_ssgManifest.js":"89d3d8d2aeba4bad62062a0262dfcde3942d6d97c4eeed5f60aefa7ac91b750a","/static/development/_buildManifest.js":"357153704cce49d172497035cd9c3327aa9ce6f13be3d6f89494f8c3768739fc","/static/css/app/layout.css":"89cfcc6195f59947c55484ac11bba65c55b5c854ab50504359451680bd9614b0","/static/chunks/webpack.js":"b3e56ef79127bb9def45f5aafdf0c92a714b848935a4f739a7310a88e7ae1280","/static/chunks/polyfills.js":"18e28d3214eda45048d80d3925ea7627b809e69ad2e95f7f98459e9146a61c3d","/static/chunks/main-app.js":"a0c9bd21f5ee3feb260f72bcb25a6aec18248747a41dd4d0143500d62ad88de0","/static/chunks/app-pages-internals.js":"bcd808960f10d133d43f3b94929bf2ec0a37e23c044cb0548a9fd3f0aa715e42","/static/chunks/app/page.js":"0f080dffeb1a246f35fc7de1f8b2d2e772e78a4ee8b511a05c78a917bdf72566","/static/chunks/app/layout.js":"112a839604f77840dda8ab48e4d5feccafc3296e93ea1ddd2377c824d0608464","/server/webpack-runtime.js":"697a4a2fef85336c3d99e62e40e180863485051283d9fb7ba2dafd359754707c","/server/server-reference-manifest.json":"becdb2e6cf1e61c2728a0ea334f6a111d54c103a8e466c2aa8e3ef00a18b200f","/server/server-reference-manifest.js":"a1920bce4775d499af9f39de94c33b2293907d134fa19813cc3b25b658bd95cc","/server/pages-manifest.json":"c48af1e2b469cf8c869097540babee7b3e9810571595fb4a312b69e12a372a8a","/server/next-font-manifest.json":"317fb1b7edc9e6f9bd2747742561bd86853b0bb773f6c4c9cc2c85d0dade509b","/server/next-font-manifest.js":"1050ef8cdda8c0d56362626264d5fb35d6570c1b5b7ff9ba3aac9f5094b7d264","/server/middleware-react-loadable-manifest.js":"47923e275f205cd977ef26e090262fe28134cc9b60d0c477467458bcf216b8a8","/server/middleware-manifest.json":"273a07c6e8011708656a708a4c12beb0557583b3a1bc7de42e5b3e3c916233d6","/server/middleware-build-manifest.js":"24830c89301b32e3eae655d0ccf758939fc93577c7498d1fe275ece4ccce8d25","/server/interception-route-rewrite-manifest.js":"cd2087cc6225db411e882d55401f93fc0a3b926ea0be6f862500955cfd093fe0","/server/app-paths-manifest.json":"7f34426155e1b52cb42bd301ce61655258725e4135dead5437856651f3701ba9","/server/vendor-chunks/use-sidecar.js":"8c7f0a6254d13941d702192fd60c811d1cdafb50f96db54b9afa58d281a701e9","/server/vendor-chunks/use-callback-ref.js":"8fd022b8ca53687cb4682ebac5c05f8a1dc0ae9e6c2e728f038ebdba44b3ea60","/server/vendor-chunks/tslib.js":"b1134eda913dd35440bfc86f3252ff253f95df2b84893093df9d4621f9842568","/server/vendor-chunks/tailwind-merge.js":"428e6f443c07a4c5c9246303246dd5c656201767f3b7709cdc0712bb725494a7","/server/vendor-chunks/react-style-singleton.js":"a0dfbe8aea05800a01c747ac72e44d287336d999d25596809dd4878d3aad295a","/server/vendor-chunks/react-remove-scroll.js":"c22547929c74f3cb8883467b89c28b2c3660efd0e2db6b90be291492ac9c5309","/server/vendor-chunks/react-remove-scroll-bar.js":"3fd01b6b6018e14e9f0766f81980d027185763280105bf027a202387caf5ac59","/server/vendor-chunks/protobufjs.js":"4e24f289b092804f833d89ba95ec2aa645ea8f3a4ad0174b4ac907abd858380c","/server/vendor-chunks/next.js":"dba1a96fda1b69cd0c20ed911d149e35c243e1b4fb5340a3b4e5a11689857457","/server/vendor-chunks/lucide-react.js":"b36081499f304b93a49e957b5d76502913282243959c3c91948e27a70b8fc362","/server/vendor-chunks/long.js":"346d5e701ade8ad4dc1298c1e50934a15ebc57f499967fe5a595898332d84c4a","/server/vendor-chunks/lodash.camelcase.js":"3e4ab9909899e00042e94620b36aa40657fff9838ceccbe1dc7c6590fa390b58","/server/vendor-chunks/idb.js":"01001bd5a54ffac2999919d947c1c36fadc9eea7cb6b210941c98d89909bd506","/server/vendor-chunks/get-nonce.js":"d9a5123d88bdb0d7d2a1411d23d9f4bec86c70b3624715456398a7cbd47855d4","/server/vendor-chunks/framer-motion.js":"7624884f61206564b8670413c8a3de8cdba917305a100d2b530c6840f3d19525","/server/vendor-chunks/firebase.js":"9ca8c19d44537c423c87d8e96e4de9b1d5f23b239002ec558d9b89acbd8f028d","/server/vendor-chunks/clsx.js":"b28272170d5b2a383437b2dd75653682671cfa26a62983df64237e8786677c43","/server/vendor-chunks/class-variance-authority.js":"a1d5bfefd18dc0ebd38ea0582c6ea2c91c0e0c22bc802e917c5df222b905614d","/server/vendor-chunks/aria-hidden.js":"723ad27a2d3d3df84092f5b6f2b96e4d5c5c98a7ea57a5613834b3cb4d32caf9","/server/vendor-chunks/@swc.js":"0b8db4521a222c57ec456d06aa469f8b8be6d8f5bc46d0b16dcb7d589c945541","/server/vendor-chunks/@radix-ui.js":"6aa1ddb20483fe48fdbd2ff95d9d17cb50d3ca7e768feec70924f6574e5930ff","/server/vendor-chunks/@protobufjs.js":"dfe294516aa1ce4ce1a0b028d7369cf178e1eba45d1a55f4dffbb36aafc20eac","/server/vendor-chunks/@opentelemetry.js":"7403f6de4e92e2740dd309ced331a79fd861d65104049daea4e53ff861023daf","/server/vendor-chunks/@grpc.js":"3bfe54513d5cf516fff6a1e7a01c6fba791e532f7d2179bdb0247d40b8d3ee86","/server/vendor-chunks/@floating-ui.js":"36ea054ba194e53eacb0417c5c7cc62e53ee85dbc1a58db2c272418cbc7002d0","/server/vendor-chunks/@firebase.js":"a04a71de6bcca8d7062d8eda022fe87517d38aa26d3f0309e32bb701d0ff57e7","/server/app/page_client-reference-manifest.js":"cc730bf2930155aec0300cc7330353a6ead3fc18a4a4d3d7ff576c62df5295cc","/server/app/page.js":"f1a61c56f48da6c7a42c3fc2c8779ed0c706610de5f10a45da08ea4de3b70920","/server/app/favicon.ico/route.js":"385f469bbd8b1afc2d1a544d6d7a57b53c0fb7292c3fdc4c5f7b3ff85430f211","/cache/webpack/server-production/index.pack.old":"0ed4eaef2e1bab3f7c4b626f6a5e7962c79e20bb8ddb7bf72853e1e9857aec0e","/cache/webpack/server-production/index.pack":"f6c2aed175c538f3b9b2791cad3e9c4b5bae436cc6e5369664504c39ed9a0e3a","/cache/webpack/server-production/2.pack":"ce28be5c8cd515cd11699e2c7160bc8eff4295ea5d734b0a65840865d8221379","/cache/webpack/server-production/1.pack":"6f1d5eced6a8a61dfb39a68563ce3980562bb97d288871e390672bff561d3be9","/cache/webpack/server-production/0.pack":"83cb271945c3c805da3c87234e0e01cee860634ffe42e79a127fcacfcfde9d17","/cache/webpack/server-development/index.pack.gz.old":"a5f43325927421df700403fb78689b0fc7e3ad1d27d302bba686e44f67e7fbfb","/cache/webpack/server-development/index.pack.gz":"da760b27183746e9c6d242f4a58f1ca59372a2ee13a68440c1a4a4edf6c42498","/cache/webpack/server-development/7.pack.gz":"81efd55efc24d6fe8df9ace7f881584d8b2d35a77a1089ed84a2c77d2fd88ba2","/cache/webpack/server-development/6.pack.gz":"8a4d5d4893db3529190b9d7c05fb715643d15476a4bc40977d5e2c2bbd0f95fc","/cache/webpack/server-development/5.pack.gz":"dae5ba4d0fec9d59172674cb1a95c1be634fca321ae928ce715eee5e32f4c79e","/cache/webpack/server-development/4.pack.gz":"732abd8c117a25dc61cd2a6b959861304906ebcf1ac1dadf92db80724d827ee7","/cache/webpack/server-development/3.pack.gz":"698285c04bfc3a56a95ee48e15f389f28b04cfa35c4b44f96b186987824a96af","/cache/webpack/server-development/2.pack.gz":"d3f4cc91781d26ab249207b58793cd7d154b5babefdcf310643a8787015ef7d0","/cache/webpack/server-development/1.pack.gz":"f070350e8132632f86fda4a313ee6dfe310c111126ecb8741f4a0b970f5b2f3e","/cache/webpack/server-development/0.pack.gz":"c26e5faa5fda9afb1bccd14e3f5ade4592a47ac7f8251624ccc9e4362971f425","/cache/webpack/edge-server-production/index.pack":"ceb0019404ca9cd5641ef1b3c9e4da6c58ae46002ef8fa42652757f8eeed5ba8","/cache/webpack/edge-server-production/0.pack":"6b39d425d149447b89f38924ae31f5b82f8cb697064e1250b8043cb3b989058b","/cache/webpack/client-production/index.pack.old":"b51a3ca83636fddcb6bb459c29d021bc86be7eedd5f72191decd2dde5b333ad1","/cache/webpack/client-production/index.pack":"a0d5f74ec465f1729546016c46f27fd46af43a56d593f46ea25942545d7764e6","/cache/webpack/client-production/2.pack":"8a9628caddae9388d552549b94287770036136f50bbdb2f2943c88aadfe65a4a","/cache/webpack/client-production/1.pack":"905f3f55f3b880732121945c1a8aab9bd8066ce0c369a65996064f2a505976de","/cache/webpack/client-production/0.pack":"776c2669930fa1cdbc87b23cee3ffade678713365c2ee5348338f2e3d7819b69","/cache/webpack/client-development-fallback/index.pack.gz.old":"3c342ba746ed783399618ccebeb29253e6e3aa99f8b6a6b48cdd00b916691798","/cache/webpack/client-development-fallback/index.pack.gz":"a1ed375e95ce6b7f667d98e3b0cf6327da23cf8bfd10f8df7145561ad6427c83","/cache/webpack/client-development-fallback/0.pack.gz":"03f60908d701d2bba01cc80a4f3b5610e5b9d3b47b7c8b56a015cb99d76a00ea","/cache/webpack/client-development/index.pack.gz.old":"48284e755f65285bb89e2d86eb22a20ea722a4b497a7d4347142b9926e89c008","/cache/webpack/client-development/index.pack.gz":"055b305c7bc3f59a05c4eced0e822c2de6c80c1b79b056a9f9b16579e7778ebb","/cache/webpack/client-development/9.pack.gz":"aa93bfb6557688360d12be549db0ff166134e616c2c32babcd53b05647cbfea7","/cache/webpack/client-development/8.pack.gz":"b2f83b2b08ce92ad120c119f404d185b06d8ab8bf862245e9f5b95f64b3a6733","/cache/webpack/client-development/7.pack.gz":"2b1c0cf73e55f67c83cf71280a2ad9fa649abca5233bfcac5536c6094142e35e","/cache/webpack/client-development/6.pack.gz":"2e28b91bd6327eb1d797e6cd7acd3d204506dd3b59b363d2b63e3d062111c7dc","/cache/webpack/client-development/5.pack.gz":"f0a7417d05bcae35af2c3a53704cc83c0c79903ff88386a024539b8b2d0ab1a7","/cache/webpack/client-development/4.pack.gz":"d0028eb5a6f79ae5ff214a3d8c6c0e32475293d978e2b93be0079016a2577d04","/cache/webpack/client-development/3.pack.gz":"925bf1a23fa4c0696c48b0e3fda165ecd14196ca838e7462358b8851eb48d11b","/cache/webpack/client-development/2.pack.gz":"ddc92f0eca11100fd8fce9b95ff935fe93602b9355241ea7c37672d2659371de","/cache/webpack/client-development/1.pack.gz":"3970beba7311b1fa9728669888925163e8dc23557e11f138f9b0ed5c51523d24","/cache/webpack/client-development/0.pack.gz":"8e209ccd5673ca939bb37d498269cf7b6dd3e81e5c9ea12d847ea955b812b1d6"}}
[debug] [2024-11-15T07:36:27.457Z] <<< [apiv2][status] POST https://firebasehosting.googleapis.com/v1beta1/projects/677771098796/sites/arcaureus-stream/versions/673a747b8e466eaa:populateFiles 200
[debug] [2024-11-15T07:36:27.457Z] <<< [apiv2][body] POST https://firebasehosting.googleapis.com/v1beta1/projects/677771098796/sites/arcaureus-stream/versions/673a747b8e466eaa:populateFiles {"uploadUrl":"https://upload-firebasehosting.googleapis.com/upload/sites/arcaureus-stream/versions/673a747b8e466eaa/files"}
[debug] [2024-11-15T07:36:27.457Z] [hosting][populate queue][FINAL] {"max":231,"min":231,"avg":231,"active":0,"complete":1,"success":1,"errored":0,"retried":0,"total":1,"elapsed":231}
[debug] [2024-11-15T07:36:27.457Z] [hosting] uploads queued: 0
[debug] [2024-11-15T07:36:27.457Z] [hosting][upload queue][FINAL] {"max":0,"min":9999999999,"avg":0,"active":0,"complete":0,"success":0,"errored":0,"retried":0,"total":0,"elapsed":1731656187457}
[info] +  hosting[arcaureus-stream]: file upload complete 
[debug] [2024-11-15T07:36:27.458Z] [hosting] deploy completed after 255ms
[info] i  functions: updating Node.js 18 (2nd Gen) function nextApp(us-central1)... 
[debug] [2024-11-15T07:36:27.460Z] Checked if tokens are valid: true, expires at: 1731657292196
[debug] [2024-11-15T07:36:27.460Z] Checked if tokens are valid: true, expires at: 1731657292196
[debug] [2024-11-15T07:36:27.460Z] >>> [apiv2][query] PATCH https://cloudfunctions.googleapis.com/v2/projects/arcaureus-stream/locations/us-central1/functions/nextApp updateMask=name%2CbuildConfig.runtime%2CbuildConfig.entryPoint%2CbuildConfig.source.storageSource.bucket%2CbuildConfig.source.storageSource.object%2CbuildConfig.environmentVariables%2CbuildConfig.sourceToken%2CserviceConfig.environmentVariables%2CserviceConfig.ingressSettings%2CserviceConfig.timeoutSeconds%2CserviceConfig.serviceAccountEmail%2CserviceConfig.availableMemory%2CserviceConfig.minInstanceCount%2CserviceConfig.maxInstanceCount%2CserviceConfig.maxInstanceRequestConcurrency%2CserviceConfig.availableCpu%2CserviceConfig.vpcConnector%2CserviceConfig.vpcConnectorEgressSettings%2Clabels%2CbuildConfig.buildEnvironmentVariables
[debug] [2024-11-15T07:36:27.460Z] >>> [apiv2][body] PATCH https://cloudfunctions.googleapis.com/v2/projects/arcaureus-stream/locations/us-central1/functions/nextApp {"name":"projects/arcaureus-stream/locations/us-central1/functions/nextApp","buildConfig":{"runtime":"nodejs18","entryPoint":"nextApp","source":{"storageSource":{"bucket":"gcf-v2-uploads-677771098796.us-central1.cloudfunctions.appspot.com","object":"517bbd82-b7a0-4c25-8c92-ce22e7d8b290.zip"}},"environmentVariables":{"GOOGLE_NODE_RUN_SCRIPTS":""}},"serviceConfig":{"environmentVariables":{"FIREBASE_CONFIG":"{\"projectId\":\"arcaureus-stream\",\"storageBucket\":\"arcaureus-stream.firebasestorage.app\"}","GCLOUD_PROJECT":"arcaureus-stream","EVENTARC_CLOUD_EVENT_SOURCE":"projects/arcaureus-stream/locations/us-central1/services/nextApp","FUNCTION_TARGET":"nextApp","LOG_EXECUTION_ID":"true"},"ingressSettings":null,"timeoutSeconds":null,"serviceAccountEmail":null,"availableMemory":"256Mi","minInstanceCount":null,"maxInstanceCount":null,"maxInstanceRequestConcurrency":80,"availableCpu":"1","vpcConnector":null,"vpcConnectorEgressSettings":null},"labels":{"deployment-tool":"cli-firebase","firebase-functions-hash":"06d1ac746af8640670005864f173ae219e4dffd4"}}
[debug] [2024-11-15T07:36:28.293Z] <<< [apiv2][status] PATCH https://cloudfunctions.googleapis.com/v2/projects/arcaureus-stream/locations/us-central1/functions/nextApp 200
[debug] [2024-11-15T07:36:28.293Z] <<< [apiv2][body] PATCH https://cloudfunctions.googleapis.com/v2/projects/arcaureus-stream/locations/us-central1/functions/nextApp {"name":"projects/arcaureus-stream/locations/us-central1/operations/operation-1731656185276-626ee9fcbe670-50631df7-14dee3b9","metadata":{"@type":"type.googleapis.com/google.cloud.functions.v2.OperationMetadata","createTime":"2024-11-15T07:36:25.897771064Z","target":"projects/arcaureus-stream/locations/us-central1/functions/nextApp","verb":"update","cancelRequested":false,"apiVersion":"v2"},"done":false}
[debug] [2024-11-15T07:36:28.293Z] Checked if tokens are valid: true, expires at: 1731657292196
[debug] [2024-11-15T07:36:28.293Z] Checked if tokens are valid: true, expires at: 1731657292196
[debug] [2024-11-15T07:36:28.293Z] >>> [apiv2][query] GET https://cloudfunctions.googleapis.com/v2/projects/arcaureus-stream/locations/us-central1/operations/operation-1731656185276-626ee9fcbe670-50631df7-14dee3b9 [none]
[debug] [2024-11-15T07:36:28.548Z] <<< [apiv2][status] GET https://cloudfunctions.googleapis.com/v2/projects/arcaureus-stream/locations/us-central1/operations/operation-1731656185276-626ee9fcbe670-50631df7-14dee3b9 200
[debug] [2024-11-15T07:36:28.548Z] <<< [apiv2][body] GET https://cloudfunctions.googleapis.com/v2/projects/arcaureus-stream/locations/us-central1/operations/operation-1731656185276-626ee9fcbe670-50631df7-14dee3b9 {"name":"projects/arcaureus-stream/locations/us-central1/operations/operation-1731656185276-626ee9fcbe670-50631df7-14dee3b9","metadata":{"@type":"type.googleapis.com/google.cloud.functions.v2.OperationMetadata","createTime":"2024-11-15T07:36:25.897771064Z","target":"projects/arcaureus-stream/locations/us-central1/functions/nextApp","verb":"update","cancelRequested":false,"apiVersion":"v2","requestResource":{"@type":"type.googleapis.com/google.cloud.functions.v2.Function","name":"projects/arcaureus-stream/locations/us-central1/functions/nextApp","buildConfig":{"runtime":"nodejs18","entryPoint":"nextApp","source":{"storageSource":{"bucket":"gcf-v2-sources-677771098796-us-central1","object":"nextApp/function-source.zip","generation":"1731656185856914"}},"environmentVariables":{"GOOGLE_NODE_RUN_SCRIPTS":""},"dockerRepository":"projects/arcaureus-stream/locations/us-central1/repositories/gcf-artifacts","serviceAccount":"projects/arcaureus-stream/serviceAccounts/677771098796-compute@developer.gserviceaccount.com","automaticUpdatePolicy":{}},"serviceConfig":{"service":"projects/arcaureus-stream/locations/us-central1/services/nextapp","timeoutSeconds":60,"environmentVariables":{"FIREBASE_CONFIG":"{\"projectId\":\"arcaureus-stream\",\"storageBucket\":\"arcaureus-stream.firebasestorage.app\"}","GCLOUD_PROJECT":"arcaureus-stream","EVENTARC_CLOUD_EVENT_SOURCE":"projects/arcaureus-stream/locations/us-central1/services/nextApp","FUNCTION_TARGET":"nextApp","LOG_EXECUTION_ID":"true"},"ingressSettings":"ALLOW_ALL","serviceAccountEmail":"677771098796-compute@developer.gserviceaccount.com","availableMemory":"256Mi","allTrafficOnLatestRevision":true,"revision":"nextapp-00001-wit","maxInstanceRequestConcurrency":80,"availableCpu":"1"},"state":"ACTIVE","labels":{"deployment-tool":"cloudfunctions","firebase-functions-hash":"06d1ac746af8640670005864f173ae219e4dffd4"},"environment":"GEN_2","url":"https://us-central1-arcaureus-stream.cloudfunctions.net/nextApp"},"stages":[{"name":"BUILD","state":"NOT_STARTED"},{"name":"SERVICE","state":"NOT_STARTED"}],"operationType":"UPDATE_FUNCTION"},"done":false}
[debug] [2024-11-15T07:36:29.059Z] [update-default-us-central1-nextApp] Retrying task index 0
[debug] [2024-11-15T07:36:29.059Z] Checked if tokens are valid: true, expires at: 1731657292196
[debug] [2024-11-15T07:36:29.059Z] Checked if tokens are valid: true, expires at: 1731657292196
[debug] [2024-11-15T07:36:29.059Z] >>> [apiv2][query] GET https://cloudfunctions.googleapis.com/v2/projects/arcaureus-stream/locations/us-central1/operations/operation-1731656185276-626ee9fcbe670-50631df7-14dee3b9 [none]
[debug] [2024-11-15T07:36:29.233Z] <<< [apiv2][status] GET https://cloudfunctions.googleapis.com/v2/projects/arcaureus-stream/locations/us-central1/operations/operation-1731656185276-626ee9fcbe670-50631df7-14dee3b9 200
[debug] [2024-11-15T07:36:29.233Z] <<< [apiv2][body] GET https://cloudfunctions.googleapis.com/v2/projects/arcaureus-stream/locations/us-central1/operations/operation-1731656185276-626ee9fcbe670-50631df7-14dee3b9 {"name":"projects/arcaureus-stream/locations/us-central1/operations/operation-1731656185276-626ee9fcbe670-50631df7-14dee3b9","metadata":{"@type":"type.googleapis.com/google.cloud.functions.v2.OperationMetadata","createTime":"2024-11-15T07:36:25.897771064Z","target":"projects/arcaureus-stream/locations/us-central1/functions/nextApp","verb":"update","cancelRequested":false,"apiVersion":"v2","requestResource":{"@type":"type.googleapis.com/google.cloud.functions.v2.Function","name":"projects/arcaureus-stream/locations/us-central1/functions/nextApp","buildConfig":{"runtime":"nodejs18","entryPoint":"nextApp","source":{"storageSource":{"bucket":"gcf-v2-sources-677771098796-us-central1","object":"nextApp/function-source.zip","generation":"1731656185856914"}},"environmentVariables":{"GOOGLE_NODE_RUN_SCRIPTS":""},"dockerRepository":"projects/arcaureus-stream/locations/us-central1/repositories/gcf-artifacts","serviceAccount":"projects/arcaureus-stream/serviceAccounts/677771098796-compute@developer.gserviceaccount.com","automaticUpdatePolicy":{}},"serviceConfig":{"service":"projects/arcaureus-stream/locations/us-central1/services/nextapp","timeoutSeconds":60,"environmentVariables":{"FIREBASE_CONFIG":"{\"projectId\":\"arcaureus-stream\",\"storageBucket\":\"arcaureus-stream.firebasestorage.app\"}","GCLOUD_PROJECT":"arcaureus-stream","EVENTARC_CLOUD_EVENT_SOURCE":"projects/arcaureus-stream/locations/us-central1/services/nextApp","FUNCTION_TARGET":"nextApp","LOG_EXECUTION_ID":"true"},"ingressSettings":"ALLOW_ALL","serviceAccountEmail":"677771098796-compute@developer.gserviceaccount.com","availableMemory":"256Mi","allTrafficOnLatestRevision":true,"revision":"nextapp-00001-wit","maxInstanceRequestConcurrency":80,"availableCpu":"1"},"state":"ACTIVE","labels":{"deployment-tool":"cloudfunctions","firebase-functions-hash":"06d1ac746af8640670005864f173ae219e4dffd4"},"environment":"GEN_2","url":"https://us-central1-arcaureus-stream.cloudfunctions.net/nextApp"},"stages":[{"name":"BUILD","message":"Build in progress","state":"IN_PROGRESS","resource":"projects/677771098796/locations/us-central1/builds/83e75f17-9f17-47b2-9375-9daafde04caf","resourceUri":"https://console.cloud.google.com/cloud-build/builds;region=us-central1/83e75f17-9f17-47b2-9375-9daafde04caf?project=677771098796"},{"name":"SERVICE","state":"NOT_STARTED"}],"operationType":"UPDATE_FUNCTION","buildName":"projects/677771098796/locations/us-central1/builds/83e75f17-9f17-47b2-9375-9daafde04caf"},"done":false}
[debug] [2024-11-15T07:36:30.241Z] [update-default-us-central1-nextApp] Retrying task index 0
[debug] [2024-11-15T07:36:30.242Z] Checked if tokens are valid: true, expires at: 1731657292196
[debug] [2024-11-15T07:36:30.242Z] Checked if tokens are valid: true, expires at: 1731657292196
[debug] [2024-11-15T07:36:30.242Z] >>> [apiv2][query] GET https://cloudfunctions.googleapis.com/v2/projects/arcaureus-stream/locations/us-central1/operations/operation-1731656185276-626ee9fcbe670-50631df7-14dee3b9 [none]
[debug] [2024-11-15T07:36:30.445Z] <<< [apiv2][status] GET https://cloudfunctions.googleapis.com/v2/projects/arcaureus-stream/locations/us-central1/operations/operation-1731656185276-626ee9fcbe670-50631df7-14dee3b9 200
[debug] [2024-11-15T07:36:30.445Z] <<< [apiv2][body] GET https://cloudfunctions.googleapis.com/v2/projects/arcaureus-stream/locations/us-central1/operations/operation-1731656185276-626ee9fcbe670-50631df7-14dee3b9 {"name":"projects/arcaureus-stream/locations/us-central1/operations/operation-1731656185276-626ee9fcbe670-50631df7-14dee3b9","metadata":{"@type":"type.googleapis.com/google.cloud.functions.v2.OperationMetadata","createTime":"2024-11-15T07:36:25.897771064Z","target":"projects/arcaureus-stream/locations/us-central1/functions/nextApp","verb":"update","cancelRequested":false,"apiVersion":"v2","requestResource":{"@type":"type.googleapis.com/google.cloud.functions.v2.Function","name":"projects/arcaureus-stream/locations/us-central1/functions/nextApp","buildConfig":{"runtime":"nodejs18","entryPoint":"nextApp","source":{"storageSource":{"bucket":"gcf-v2-sources-677771098796-us-central1","object":"nextApp/function-source.zip","generation":"1731656185856914"}},"environmentVariables":{"GOOGLE_NODE_RUN_SCRIPTS":""},"dockerRepository":"projects/arcaureus-stream/locations/us-central1/repositories/gcf-artifacts","serviceAccount":"projects/arcaureus-stream/serviceAccounts/677771098796-compute@developer.gserviceaccount.com","automaticUpdatePolicy":{}},"serviceConfig":{"service":"projects/arcaureus-stream/locations/us-central1/services/nextapp","timeoutSeconds":60,"environmentVariables":{"FIREBASE_CONFIG":"{\"projectId\":\"arcaureus-stream\",\"storageBucket\":\"arcaureus-stream.firebasestorage.app\"}","GCLOUD_PROJECT":"arcaureus-stream","EVENTARC_CLOUD_EVENT_SOURCE":"projects/arcaureus-stream/locations/us-central1/services/nextApp","FUNCTION_TARGET":"nextApp","LOG_EXECUTION_ID":"true"},"ingressSettings":"ALLOW_ALL","serviceAccountEmail":"677771098796-compute@developer.gserviceaccount.com","availableMemory":"256Mi","allTrafficOnLatestRevision":true,"revision":"nextapp-00001-wit","maxInstanceRequestConcurrency":80,"availableCpu":"1"},"state":"ACTIVE","labels":{"deployment-tool":"cloudfunctions","firebase-functions-hash":"06d1ac746af8640670005864f173ae219e4dffd4"},"environment":"GEN_2","url":"https://us-central1-arcaureus-stream.cloudfunctions.net/nextApp"},"stages":[{"name":"BUILD","message":"Build in progress","state":"IN_PROGRESS","resource":"projects/677771098796/locations/us-central1/builds/83e75f17-9f17-47b2-9375-9daafde04caf","resourceUri":"https://console.cloud.google.com/cloud-build/builds;region=us-central1/83e75f17-9f17-47b2-9375-9daafde04caf?project=677771098796"},{"name":"SERVICE","state":"NOT_STARTED"}],"operationType":"UPDATE_FUNCTION","buildName":"projects/677771098796/locations/us-central1/builds/83e75f17-9f17-47b2-9375-9daafde04caf"},"done":false}
[debug] [2024-11-15T07:36:32.450Z] [update-default-us-central1-nextApp] Retrying task index 0
[debug] [2024-11-15T07:36:32.450Z] Checked if tokens are valid: true, expires at: 1731657292196
[debug] [2024-11-15T07:36:32.450Z] Checked if tokens are valid: true, expires at: 1731657292196
[debug] [2024-11-15T07:36:32.450Z] >>> [apiv2][query] GET https://cloudfunctions.googleapis.com/v2/projects/arcaureus-stream/locations/us-central1/operations/operation-1731656185276-626ee9fcbe670-50631df7-14dee3b9 [none]
[debug] [2024-11-15T07:36:32.680Z] <<< [apiv2][status] GET https://cloudfunctions.googleapis.com/v2/projects/arcaureus-stream/locations/us-central1/operations/operation-1731656185276-626ee9fcbe670-50631df7-14dee3b9 200
[debug] [2024-11-15T07:36:32.680Z] <<< [apiv2][body] GET https://cloudfunctions.googleapis.com/v2/projects/arcaureus-stream/locations/us-central1/operations/operation-1731656185276-626ee9fcbe670-50631df7-14dee3b9 {"name":"projects/arcaureus-stream/locations/us-central1/operations/operation-1731656185276-626ee9fcbe670-50631df7-14dee3b9","metadata":{"@type":"type.googleapis.com/google.cloud.functions.v2.OperationMetadata","createTime":"2024-11-15T07:36:25.897771064Z","target":"projects/arcaureus-stream/locations/us-central1/functions/nextApp","verb":"update","cancelRequested":false,"apiVersion":"v2","requestResource":{"@type":"type.googleapis.com/google.cloud.functions.v2.Function","name":"projects/arcaureus-stream/locations/us-central1/functions/nextApp","buildConfig":{"runtime":"nodejs18","entryPoint":"nextApp","source":{"storageSource":{"bucket":"gcf-v2-sources-677771098796-us-central1","object":"nextApp/function-source.zip","generation":"1731656185856914"}},"environmentVariables":{"GOOGLE_NODE_RUN_SCRIPTS":""},"dockerRepository":"projects/arcaureus-stream/locations/us-central1/repositories/gcf-artifacts","serviceAccount":"projects/arcaureus-stream/serviceAccounts/677771098796-compute@developer.gserviceaccount.com","automaticUpdatePolicy":{}},"serviceConfig":{"service":"projects/arcaureus-stream/locations/us-central1/services/nextapp","timeoutSeconds":60,"environmentVariables":{"FIREBASE_CONFIG":"{\"projectId\":\"arcaureus-stream\",\"storageBucket\":\"arcaureus-stream.firebasestorage.app\"}","GCLOUD_PROJECT":"arcaureus-stream","EVENTARC_CLOUD_EVENT_SOURCE":"projects/arcaureus-stream/locations/us-central1/services/nextApp","FUNCTION_TARGET":"nextApp","LOG_EXECUTION_ID":"true"},"ingressSettings":"ALLOW_ALL","serviceAccountEmail":"677771098796-compute@developer.gserviceaccount.com","availableMemory":"256Mi","allTrafficOnLatestRevision":true,"revision":"nextapp-00001-wit","maxInstanceRequestConcurrency":80,"availableCpu":"1"},"state":"ACTIVE","labels":{"deployment-tool":"cloudfunctions","firebase-functions-hash":"06d1ac746af8640670005864f173ae219e4dffd4"},"environment":"GEN_2","url":"https://us-central1-arcaureus-stream.cloudfunctions.net/nextApp"},"stages":[{"name":"BUILD","message":"Build in progress","state":"IN_PROGRESS","resource":"projects/677771098796/locations/us-central1/builds/83e75f17-9f17-47b2-9375-9daafde04caf","resourceUri":"https://console.cloud.google.com/cloud-build/builds;region=us-central1/83e75f17-9f17-47b2-9375-9daafde04caf?project=677771098796"},{"name":"SERVICE","state":"NOT_STARTED"}],"operationType":"UPDATE_FUNCTION","buildName":"projects/677771098796/locations/us-central1/builds/83e75f17-9f17-47b2-9375-9daafde04caf"},"done":false}
[debug] [2024-11-15T07:36:36.693Z] [update-default-us-central1-nextApp] Retrying task index 0
[debug] [2024-11-15T07:36:36.693Z] Checked if tokens are valid: true, expires at: 1731657292196
[debug] [2024-11-15T07:36:36.693Z] Checked if tokens are valid: true, expires at: 1731657292196
[debug] [2024-11-15T07:36:36.693Z] >>> [apiv2][query] GET https://cloudfunctions.googleapis.com/v2/projects/arcaureus-stream/locations/us-central1/operations/operation-1731656185276-626ee9fcbe670-50631df7-14dee3b9 [none]
[debug] [2024-11-15T07:36:36.889Z] <<< [apiv2][status] GET https://cloudfunctions.googleapis.com/v2/projects/arcaureus-stream/locations/us-central1/operations/operation-1731656185276-626ee9fcbe670-50631df7-14dee3b9 200
[debug] [2024-11-15T07:36:36.889Z] <<< [apiv2][body] GET https://cloudfunctions.googleapis.com/v2/projects/arcaureus-stream/locations/us-central1/operations/operation-1731656185276-626ee9fcbe670-50631df7-14dee3b9 {"name":"projects/arcaureus-stream/locations/us-central1/operations/operation-1731656185276-626ee9fcbe670-50631df7-14dee3b9","metadata":{"@type":"type.googleapis.com/google.cloud.functions.v2.OperationMetadata","createTime":"2024-11-15T07:36:25.897771064Z","target":"projects/arcaureus-stream/locations/us-central1/functions/nextApp","verb":"update","cancelRequested":false,"apiVersion":"v2","requestResource":{"@type":"type.googleapis.com/google.cloud.functions.v2.Function","name":"projects/arcaureus-stream/locations/us-central1/functions/nextApp","buildConfig":{"runtime":"nodejs18","entryPoint":"nextApp","source":{"storageSource":{"bucket":"gcf-v2-sources-677771098796-us-central1","object":"nextApp/function-source.zip","generation":"1731656185856914"}},"environmentVariables":{"GOOGLE_NODE_RUN_SCRIPTS":""},"dockerRepository":"projects/arcaureus-stream/locations/us-central1/repositories/gcf-artifacts","serviceAccount":"projects/arcaureus-stream/serviceAccounts/677771098796-compute@developer.gserviceaccount.com","automaticUpdatePolicy":{}},"serviceConfig":{"service":"projects/arcaureus-stream/locations/us-central1/services/nextapp","timeoutSeconds":60,"environmentVariables":{"FIREBASE_CONFIG":"{\"projectId\":\"arcaureus-stream\",\"storageBucket\":\"arcaureus-stream.firebasestorage.app\"}","GCLOUD_PROJECT":"arcaureus-stream","EVENTARC_CLOUD_EVENT_SOURCE":"projects/arcaureus-stream/locations/us-central1/services/nextApp","FUNCTION_TARGET":"nextApp","LOG_EXECUTION_ID":"true"},"ingressSettings":"ALLOW_ALL","serviceAccountEmail":"677771098796-compute@developer.gserviceaccount.com","availableMemory":"256Mi","allTrafficOnLatestRevision":true,"revision":"nextapp-00001-wit","maxInstanceRequestConcurrency":80,"availableCpu":"1"},"state":"ACTIVE","labels":{"deployment-tool":"cloudfunctions","firebase-functions-hash":"06d1ac746af8640670005864f173ae219e4dffd4"},"environment":"GEN_2","url":"https://us-central1-arcaureus-stream.cloudfunctions.net/nextApp"},"stages":[{"name":"BUILD","message":"Build in progress","state":"IN_PROGRESS","resource":"projects/677771098796/locations/us-central1/builds/83e75f17-9f17-47b2-9375-9daafde04caf","resourceUri":"https://console.cloud.google.com/cloud-build/builds;region=us-central1/83e75f17-9f17-47b2-9375-9daafde04caf?project=677771098796"},{"name":"SERVICE","state":"NOT_STARTED"}],"operationType":"UPDATE_FUNCTION","buildName":"projects/677771098796/locations/us-central1/builds/83e75f17-9f17-47b2-9375-9daafde04caf"},"done":false}
[debug] [2024-11-15T07:36:44.899Z] [update-default-us-central1-nextApp] Retrying task index 0
[debug] [2024-11-15T07:36:44.900Z] Checked if tokens are valid: true, expires at: 1731657292196
[debug] [2024-11-15T07:36:44.900Z] Checked if tokens are valid: true, expires at: 1731657292196
[debug] [2024-11-15T07:36:44.900Z] >>> [apiv2][query] GET https://cloudfunctions.googleapis.com/v2/projects/arcaureus-stream/locations/us-central1/operations/operation-1731656185276-626ee9fcbe670-50631df7-14dee3b9 [none]
[debug] [2024-11-15T07:36:45.218Z] <<< [apiv2][status] GET https://cloudfunctions.googleapis.com/v2/projects/arcaureus-stream/locations/us-central1/operations/operation-1731656185276-626ee9fcbe670-50631df7-14dee3b9 200
[debug] [2024-11-15T07:36:45.218Z] <<< [apiv2][body] GET https://cloudfunctions.googleapis.com/v2/projects/arcaureus-stream/locations/us-central1/operations/operation-1731656185276-626ee9fcbe670-50631df7-14dee3b9 {"name":"projects/arcaureus-stream/locations/us-central1/operations/operation-1731656185276-626ee9fcbe670-50631df7-14dee3b9","metadata":{"@type":"type.googleapis.com/google.cloud.functions.v2.OperationMetadata","createTime":"2024-11-15T07:36:25.897771064Z","target":"projects/arcaureus-stream/locations/us-central1/functions/nextApp","verb":"update","cancelRequested":false,"apiVersion":"v2","requestResource":{"@type":"type.googleapis.com/google.cloud.functions.v2.Function","name":"projects/arcaureus-stream/locations/us-central1/functions/nextApp","buildConfig":{"runtime":"nodejs18","entryPoint":"nextApp","source":{"storageSource":{"bucket":"gcf-v2-sources-677771098796-us-central1","object":"nextApp/function-source.zip","generation":"1731656185856914"}},"environmentVariables":{"GOOGLE_NODE_RUN_SCRIPTS":""},"dockerRepository":"projects/arcaureus-stream/locations/us-central1/repositories/gcf-artifacts","serviceAccount":"projects/arcaureus-stream/serviceAccounts/677771098796-compute@developer.gserviceaccount.com","automaticUpdatePolicy":{}},"serviceConfig":{"service":"projects/arcaureus-stream/locations/us-central1/services/nextapp","timeoutSeconds":60,"environmentVariables":{"FIREBASE_CONFIG":"{\"projectId\":\"arcaureus-stream\",\"storageBucket\":\"arcaureus-stream.firebasestorage.app\"}","GCLOUD_PROJECT":"arcaureus-stream","EVENTARC_CLOUD_EVENT_SOURCE":"projects/arcaureus-stream/locations/us-central1/services/nextApp","FUNCTION_TARGET":"nextApp","LOG_EXECUTION_ID":"true"},"ingressSettings":"ALLOW_ALL","serviceAccountEmail":"677771098796-compute@developer.gserviceaccount.com","availableMemory":"256Mi","allTrafficOnLatestRevision":true,"revision":"nextapp-00001-wit","maxInstanceRequestConcurrency":80,"availableCpu":"1"},"state":"ACTIVE","labels":{"deployment-tool":"cloudfunctions","firebase-functions-hash":"06d1ac746af8640670005864f173ae219e4dffd4"},"environment":"GEN_2","url":"https://us-central1-arcaureus-stream.cloudfunctions.net/nextApp"},"stages":[{"name":"BUILD","message":"Build in progress","state":"IN_PROGRESS","resource":"projects/677771098796/locations/us-central1/builds/83e75f17-9f17-47b2-9375-9daafde04caf","resourceUri":"https://console.cloud.google.com/cloud-build/builds;region=us-central1/83e75f17-9f17-47b2-9375-9daafde04caf?project=677771098796"},{"name":"SERVICE","state":"NOT_STARTED"}],"operationType":"UPDATE_FUNCTION","buildName":"projects/677771098796/locations/us-central1/builds/83e75f17-9f17-47b2-9375-9daafde04caf"},"done":false}
[debug] [2024-11-15T07:36:55.219Z] [update-default-us-central1-nextApp] Retrying task index 0
[debug] [2024-11-15T07:36:55.219Z] Checked if tokens are valid: true, expires at: 1731657292196
[debug] [2024-11-15T07:36:55.219Z] Checked if tokens are valid: true, expires at: 1731657292196
[debug] [2024-11-15T07:36:55.219Z] >>> [apiv2][query] GET https://cloudfunctions.googleapis.com/v2/projects/arcaureus-stream/locations/us-central1/operations/operation-1731656185276-626ee9fcbe670-50631df7-14dee3b9 [none]
[debug] [2024-11-15T07:36:55.536Z] <<< [apiv2][status] GET https://cloudfunctions.googleapis.com/v2/projects/arcaureus-stream/locations/us-central1/operations/operation-1731656185276-626ee9fcbe670-50631df7-14dee3b9 200
[debug] [2024-11-15T07:36:55.536Z] <<< [apiv2][body] GET https://cloudfunctions.googleapis.com/v2/projects/arcaureus-stream/locations/us-central1/operations/operation-1731656185276-626ee9fcbe670-50631df7-14dee3b9 {"name":"projects/arcaureus-stream/locations/us-central1/operations/operation-1731656185276-626ee9fcbe670-50631df7-14dee3b9","metadata":{"@type":"type.googleapis.com/google.cloud.functions.v2.OperationMetadata","createTime":"2024-11-15T07:36:25.897771064Z","target":"projects/arcaureus-stream/locations/us-central1/functions/nextApp","verb":"update","cancelRequested":false,"apiVersion":"v2","requestResource":{"@type":"type.googleapis.com/google.cloud.functions.v2.Function","name":"projects/arcaureus-stream/locations/us-central1/functions/nextApp","buildConfig":{"runtime":"nodejs18","entryPoint":"nextApp","source":{"storageSource":{"bucket":"gcf-v2-sources-677771098796-us-central1","object":"nextApp/function-source.zip","generation":"1731656185856914"}},"environmentVariables":{"GOOGLE_NODE_RUN_SCRIPTS":""},"dockerRepository":"projects/arcaureus-stream/locations/us-central1/repositories/gcf-artifacts","serviceAccount":"projects/arcaureus-stream/serviceAccounts/677771098796-compute@developer.gserviceaccount.com","automaticUpdatePolicy":{}},"serviceConfig":{"service":"projects/arcaureus-stream/locations/us-central1/services/nextapp","timeoutSeconds":60,"environmentVariables":{"FIREBASE_CONFIG":"{\"projectId\":\"arcaureus-stream\",\"storageBucket\":\"arcaureus-stream.firebasestorage.app\"}","GCLOUD_PROJECT":"arcaureus-stream","EVENTARC_CLOUD_EVENT_SOURCE":"projects/arcaureus-stream/locations/us-central1/services/nextApp","FUNCTION_TARGET":"nextApp","LOG_EXECUTION_ID":"true"},"ingressSettings":"ALLOW_ALL","serviceAccountEmail":"677771098796-compute@developer.gserviceaccount.com","availableMemory":"256Mi","allTrafficOnLatestRevision":true,"revision":"nextapp-00001-wit","maxInstanceRequestConcurrency":80,"availableCpu":"1"},"state":"ACTIVE","labels":{"deployment-tool":"cloudfunctions","firebase-functions-hash":"06d1ac746af8640670005864f173ae219e4dffd4"},"environment":"GEN_2","url":"https://us-central1-arcaureus-stream.cloudfunctions.net/nextApp"},"stages":[{"name":"BUILD","message":"Build in progress","state":"IN_PROGRESS","resource":"projects/677771098796/locations/us-central1/builds/83e75f17-9f17-47b2-9375-9daafde04caf","resourceUri":"https://console.cloud.google.com/cloud-build/builds;region=us-central1/83e75f17-9f17-47b2-9375-9daafde04caf?project=677771098796"},{"name":"SERVICE","state":"NOT_STARTED"}],"operationType":"UPDATE_FUNCTION","buildName":"projects/677771098796/locations/us-central1/builds/83e75f17-9f17-47b2-9375-9daafde04caf"},"done":false}
[debug] [2024-11-15T07:37:05.548Z] [update-default-us-central1-nextApp] Retrying task index 0
[debug] [2024-11-15T07:37:05.548Z] Checked if tokens are valid: true, expires at: 1731657292196
[debug] [2024-11-15T07:37:05.548Z] Checked if tokens are valid: true, expires at: 1731657292196
[debug] [2024-11-15T07:37:05.548Z] >>> [apiv2][query] GET https://cloudfunctions.googleapis.com/v2/projects/arcaureus-stream/locations/us-central1/operations/operation-1731656185276-626ee9fcbe670-50631df7-14dee3b9 [none]
[debug] [2024-11-15T07:37:05.874Z] <<< [apiv2][status] GET https://cloudfunctions.googleapis.com/v2/projects/arcaureus-stream/locations/us-central1/operations/operation-1731656185276-626ee9fcbe670-50631df7-14dee3b9 200
[debug] [2024-11-15T07:37:05.874Z] <<< [apiv2][body] GET https://cloudfunctions.googleapis.com/v2/projects/arcaureus-stream/locations/us-central1/operations/operation-1731656185276-626ee9fcbe670-50631df7-14dee3b9 {"name":"projects/arcaureus-stream/locations/us-central1/operations/operation-1731656185276-626ee9fcbe670-50631df7-14dee3b9","metadata":{"@type":"type.googleapis.com/google.cloud.functions.v2.OperationMetadata","createTime":"2024-11-15T07:36:25.897771064Z","target":"projects/arcaureus-stream/locations/us-central1/functions/nextApp","verb":"update","cancelRequested":false,"apiVersion":"v2","requestResource":{"@type":"type.googleapis.com/google.cloud.functions.v2.Function","name":"projects/arcaureus-stream/locations/us-central1/functions/nextApp","buildConfig":{"runtime":"nodejs18","entryPoint":"nextApp","source":{"storageSource":{"bucket":"gcf-v2-sources-677771098796-us-central1","object":"nextApp/function-source.zip","generation":"1731656185856914"}},"environmentVariables":{"GOOGLE_NODE_RUN_SCRIPTS":""},"dockerRepository":"projects/arcaureus-stream/locations/us-central1/repositories/gcf-artifacts","serviceAccount":"projects/arcaureus-stream/serviceAccounts/677771098796-compute@developer.gserviceaccount.com","automaticUpdatePolicy":{}},"serviceConfig":{"service":"projects/arcaureus-stream/locations/us-central1/services/nextapp","timeoutSeconds":60,"environmentVariables":{"FIREBASE_CONFIG":"{\"projectId\":\"arcaureus-stream\",\"storageBucket\":\"arcaureus-stream.firebasestorage.app\"}","GCLOUD_PROJECT":"arcaureus-stream","EVENTARC_CLOUD_EVENT_SOURCE":"projects/arcaureus-stream/locations/us-central1/services/nextApp","FUNCTION_TARGET":"nextApp","LOG_EXECUTION_ID":"true"},"ingressSettings":"ALLOW_ALL","serviceAccountEmail":"677771098796-compute@developer.gserviceaccount.com","availableMemory":"256Mi","allTrafficOnLatestRevision":true,"revision":"nextapp-00001-wit","maxInstanceRequestConcurrency":80,"availableCpu":"1"},"state":"ACTIVE","labels":{"deployment-tool":"cloudfunctions","firebase-functions-hash":"06d1ac746af8640670005864f173ae219e4dffd4"},"environment":"GEN_2","url":"https://us-central1-arcaureus-stream.cloudfunctions.net/nextApp"},"stages":[{"name":"BUILD","message":"Build finished","state":"COMPLETE","resource":"projects/677771098796/locations/us-central1/builds/83e75f17-9f17-47b2-9375-9daafde04caf","resourceUri":"https://console.cloud.google.com/cloud-build/builds;region=us-central1/83e75f17-9f17-47b2-9375-9daafde04caf?project=677771098796"},{"name":"SERVICE","message":"Updating Cloud Run service","state":"IN_PROGRESS","resource":"projects/arcaureus-stream/locations/us-central1/services/nextapp","resourceUri":"https://console.cloud.google.com/run/detail/us-central1/nextapp?project=arcaureus-stream","stateMessages":[{"severity":"INFO","type":"CloudRunServiceNewRevisionTrafficInfo","message":"A new revision will be deployed serving with 100% traffic."}]}],"sourceToken":"Cldwcm9qZWN0cy82Nzc3NzEwOTg3OTYvbG9jYXRpb25zL3VzLWNlbnRyYWwxL2J1aWxkcy84M2U3NWYxNy05ZjE3LTQ3YjItOTM3NS05ZGFhZmRlMDRjYWYSbXVzLWNlbnRyYWwxLWRvY2tlci5wa2cuZGV2L2FyY2F1cmV1cy1zdHJlYW0vZ2NmLWFydGlmYWN0cy9hcmNhdXJldXMtLXN0cmVhbV9fdXMtLWNlbnRyYWwxX19uZXh0X2FwcDp2ZXJzaW9uXzEYrPW48twTIkFwcm9qZWN0cy9hcmNhdXJldXMtc3RyZWFtL2xvY2F0aW9ucy91cy1jZW50cmFsMS9mdW5jdGlvbnMvbmV4dEFwcCoLCJ3027kGEKCvjBYyCG5vZGVqczE4OnYKI2djci5pby9nYWUtcnVudGltZXMvbm9kZWpzMTg6c3RhYmxlEk91cy1jZW50cmFsMS1kb2NrZXIucGtnLmRldi9zZXJ2ZXJsZXNzLXJ1bnRpbWVzL2dvb2dsZS0yMi1mdWxsL3J1bnRpbWVzL25vZGVqczE4QAE=","operationType":"UPDATE_FUNCTION","buildName":"projects/677771098796/locations/us-central1/builds/83e75f17-9f17-47b2-9375-9daafde04caf"},"done":false}
[debug] [2024-11-15T07:37:05.874Z] Got source token Cldwcm9qZWN0cy82Nzc3NzEwOTg3OTYvbG9jYXRpb25zL3VzLWNlbnRyYWwxL2J1aWxkcy84M2U3NWYxNy05ZjE3LTQ3YjItOTM3NS05ZGFhZmRlMDRjYWYSbXVzLWNlbnRyYWwxLWRvY2tlci5wa2cuZGV2L2FyY2F1cmV1cy1zdHJlYW0vZ2NmLWFydGlmYWN0cy9hcmNhdXJldXMtLXN0cmVhbV9fdXMtLWNlbnRyYWwxX19uZXh0X2FwcDp2ZXJzaW9uXzEYrPW48twTIkFwcm9qZWN0cy9hcmNhdXJldXMtc3RyZWFtL2xvY2F0aW9ucy91cy1jZW50cmFsMS9mdW5jdGlvbnMvbmV4dEFwcCoLCJ3027kGEKCvjBYyCG5vZGVqczE4OnYKI2djci5pby9nYWUtcnVudGltZXMvbm9kZWpzMTg6c3RhYmxlEk91cy1jZW50cmFsMS1kb2NrZXIucGtnLmRldi9zZXJ2ZXJsZXNzLXJ1bnRpbWVzL2dvb2dsZS0yMi1mdWxsL3J1bnRpbWVzL25vZGVqczE4QAE= for region us-central1
[debug] [2024-11-15T07:37:15.888Z] [update-default-us-central1-nextApp] Retrying task index 0
[debug] [2024-11-15T07:37:15.888Z] Checked if tokens are valid: true, expires at: 1731657292196
[debug] [2024-11-15T07:37:15.888Z] Checked if tokens are valid: true, expires at: 1731657292196
[debug] [2024-11-15T07:37:15.888Z] >>> [apiv2][query] GET https://cloudfunctions.googleapis.com/v2/projects/arcaureus-stream/locations/us-central1/operations/operation-1731656185276-626ee9fcbe670-50631df7-14dee3b9 [none]
[debug] [2024-11-15T07:37:16.193Z] <<< [apiv2][status] GET https://cloudfunctions.googleapis.com/v2/projects/arcaureus-stream/locations/us-central1/operations/operation-1731656185276-626ee9fcbe670-50631df7-14dee3b9 200
[debug] [2024-11-15T07:37:16.193Z] <<< [apiv2][body] GET https://cloudfunctions.googleapis.com/v2/projects/arcaureus-stream/locations/us-central1/operations/operation-1731656185276-626ee9fcbe670-50631df7-14dee3b9 {"name":"projects/arcaureus-stream/locations/us-central1/operations/operation-1731656185276-626ee9fcbe670-50631df7-14dee3b9","metadata":{"@type":"type.googleapis.com/google.cloud.functions.v2.OperationMetadata","createTime":"2024-11-15T07:36:25.897771064Z","endTime":"2024-11-15T07:37:10.771911980Z","target":"projects/arcaureus-stream/locations/us-central1/functions/nextApp","verb":"update","cancelRequested":false,"apiVersion":"v2","requestResource":{"@type":"type.googleapis.com/google.cloud.functions.v2.Function","name":"projects/arcaureus-stream/locations/us-central1/functions/nextApp","buildConfig":{"runtime":"nodejs18","entryPoint":"nextApp","source":{"storageSource":{"bucket":"gcf-v2-sources-677771098796-us-central1","object":"nextApp/function-source.zip","generation":"1731656185856914"}},"environmentVariables":{"GOOGLE_NODE_RUN_SCRIPTS":""},"dockerRepository":"projects/arcaureus-stream/locations/us-central1/repositories/gcf-artifacts","serviceAccount":"projects/arcaureus-stream/serviceAccounts/677771098796-compute@developer.gserviceaccount.com","automaticUpdatePolicy":{}},"serviceConfig":{"service":"projects/arcaureus-stream/locations/us-central1/services/nextapp","timeoutSeconds":60,"environmentVariables":{"FIREBASE_CONFIG":"{\"projectId\":\"arcaureus-stream\",\"storageBucket\":\"arcaureus-stream.firebasestorage.app\"}","GCLOUD_PROJECT":"arcaureus-stream","EVENTARC_CLOUD_EVENT_SOURCE":"projects/arcaureus-stream/locations/us-central1/services/nextApp","FUNCTION_TARGET":"nextApp","LOG_EXECUTION_ID":"true"},"ingressSettings":"ALLOW_ALL","serviceAccountEmail":"677771098796-compute@developer.gserviceaccount.com","availableMemory":"256Mi","allTrafficOnLatestRevision":true,"revision":"nextapp-00001-wit","maxInstanceRequestConcurrency":80,"availableCpu":"1"},"state":"ACTIVE","labels":{"deployment-tool":"cloudfunctions","firebase-functions-hash":"06d1ac746af8640670005864f173ae219e4dffd4"},"environment":"GEN_2","url":"https://us-central1-arcaureus-stream.cloudfunctions.net/nextApp"},"stages":[{"name":"SERVICE","state":"NOT_STARTED"}],"operationType":"UPDATE_FUNCTION"},"done":true,"error":{"code":3,"message":"Could not create or update Cloud Run service nextapp, Container Healthcheck failed. Revision 'nextapp-00002-qay' is not ready and cannot serve traffic. The user-provided container failed to start and listen on the port defined provided by the PORT=8080 environment variable within the allocated timeout. This can happen when the container port is misconfigured or if the timeout is too short. The healtcheck timeout can be extended. Logs for this revision might contain more information.\n\nLogs URL: https://console.cloud.google.com/logs/viewer?project=arcaureus-stream&resource=cloud_run_revision/service_name/nextapp/revision_name/nextapp-00002-qay&advancedFilter=resource.type%3D%22cloud_run_revision%22%0Aresource.labels.service_name%3D%22nextapp%22%0Aresource.labels.revision_name%3D%22nextapp-00002-qay%22 \nFor more troubleshooting guidance, see https://cloud.google.com/run/docs/troubleshooting#container-failed-to-start"}}
[debug] [2024-11-15T07:37:16.193Z] Got source token undefined for region us-central1
[error] Could not create or update Cloud Run service nextapp, Container Healthcheck failed. Revision 'nextapp-00002-qay' is not ready and cannot serve traffic. The user-provided container failed to start and listen on the port defined provided by the PORT=8080 environment variable within the allocated timeout. This can happen when the container port is misconfigured or if the timeout is too short. The healtcheck timeout can be extended. Logs for this revision might contain more information.

Logs URL: https://console.cloud.google.com/logs/viewer?project=arcaureus-stream&resource=cloud_run_revision/service_name/nextapp/revision_name/nextapp-00002-qay&advancedFilter=resource.type%3D%22cloud_run_revision%22%0Aresource.labels.service_name%3D%22nextapp%22%0Aresource.labels.revision_name%3D%22nextapp-00002-qay%22 
For more troubleshooting guidance, see https://cloud.google.com/run/docs/troubleshooting#container-failed-to-start
[debug] [2024-11-15T07:37:16.196Z] Total Function Deployment time: 48734
[debug] [2024-11-15T07:37:16.197Z] 1 Functions Deployed
[debug] [2024-11-15T07:37:16.197Z] 1 Functions Errored
[debug] [2024-11-15T07:37:16.197Z] 0 Function Deployments Aborted
[debug] [2024-11-15T07:37:16.197Z] Average Function Deployment time: 48734
[info] 
[info] Functions deploy had errors with the following functions:
	nextApp(us-central1)
[debug] [2024-11-15T07:37:16.307Z] Not printing URL for HTTPS function. Typically this means it didn't match a filter or we failed deployment
[info] i  functions: cleaning up build files... 
[debug] [2024-11-15T07:37:16.307Z] Checked if tokens are valid: true, expires at: 1731657292196
[debug] [2024-11-15T07:37:16.307Z] Checked if tokens are valid: true, expires at: 1731657292196
[debug] [2024-11-15T07:37:16.308Z] Checked if tokens are valid: true, expires at: 1731657292196
[debug] [2024-11-15T07:37:16.308Z] Checked if tokens are valid: true, expires at: 1731657292196
[debug] [2024-11-15T07:37:16.308Z] >>> [apiv2][query] DELETE https://artifactregistry.googleapis.com/v1beta2/projects/arcaureus-stream/locations/us-central1/repositories/gcf-artifacts/packages/next_app [none]
[debug] [2024-11-15T07:37:16.309Z] >>> [apiv2][query] GET https://us.gcr.io/v2/arcaureus-stream/gcf/us-central1/tags/list [none]
[debug] [2024-11-15T07:37:16.531Z] <<< [apiv2][status] GET https://us.gcr.io/v2/arcaureus-stream/gcf/us-central1/tags/list 404
[debug] [2024-11-15T07:37:16.531Z] <<< [apiv2][body] GET https://us.gcr.io/v2/arcaureus-stream/gcf/us-central1/tags/list {"errors":[{"code":"NAME_UNKNOWN","message":"Repository \"us.gcr.io\" not found"}]}
[debug] [2024-11-15T07:37:16.531Z] Failed docker command with error  Request to https://us.gcr.io/v2/arcaureus-stream/gcf/us-central1/tags/list had HTTP Error: 404, Not Found {"name":"FirebaseError","children":[],"context":{"body":{"errors":[{"code":"NAME_UNKNOWN","message":"Repository \"us.gcr.io\" not found"}],"error":{"message":"Not Found"}},"response":{"statusCode":404}},"exit":1,"message":"Request to https://us.gcr.io/v2/arcaureus-stream/gcf/us-central1/tags/list had HTTP Error: 404, Not Found","status":404}
[debug] [2024-11-15T07:37:16.537Z] Checked if tokens are valid: true, expires at: 1731657292196
[debug] [2024-11-15T07:37:16.537Z] Checked if tokens are valid: true, expires at: 1731657292196
[debug] [2024-11-15T07:37:16.537Z] >>> [apiv2][query] GET https://us.gcr.io/v2/arcaureus-stream/gcf/us-central1/tags/list [none]
[debug] [2024-11-15T07:37:16.632Z] <<< [apiv2][status] DELETE https://artifactregistry.googleapis.com/v1beta2/projects/arcaureus-stream/locations/us-central1/repositories/gcf-artifacts/packages/next_app 404
[debug] [2024-11-15T07:37:16.632Z] <<< [apiv2][body] DELETE https://artifactregistry.googleapis.com/v1beta2/projects/arcaureus-stream/locations/us-central1/repositories/gcf-artifacts/packages/next_app {"error":{"code":404,"message":"Package \"projects/arcaureus-stream/locations/us-central1/repositories/gcf-artifacts/packages/next_app\" was not found.","status":"NOT_FOUND"}}
[debug] [2024-11-15T07:37:16.692Z] <<< [apiv2][status] GET https://us.gcr.io/v2/arcaureus-stream/gcf/us-central1/tags/list 404
[debug] [2024-11-15T07:37:16.692Z] <<< [apiv2][body] GET https://us.gcr.io/v2/arcaureus-stream/gcf/us-central1/tags/list {"errors":[{"code":"NAME_UNKNOWN","message":"Repository \"us.gcr.io\" not found"}]}
[debug] [2024-11-15T07:37:16.692Z] Failed docker command with error  Request to https://us.gcr.io/v2/arcaureus-stream/gcf/us-central1/tags/list had HTTP Error: 404, Not Found {"name":"FirebaseError","children":[],"context":{"body":{"errors":[{"code":"NAME_UNKNOWN","message":"Repository \"us.gcr.io\" not found"}],"error":{"message":"Not Found"}},"response":{"statusCode":404}},"exit":1,"message":"Request to https://us.gcr.io/v2/arcaureus-stream/gcf/us-central1/tags/list had HTTP Error: 404, Not Found","status":404}
[debug] [2024-11-15T07:37:16.805Z] Checked if tokens are valid: true, expires at: 1731657292196
[debug] [2024-11-15T07:37:16.806Z] Checked if tokens are valid: true, expires at: 1731657292196
[debug] [2024-11-15T07:37:16.806Z] >>> [apiv2][query] GET https://us.gcr.io/v2/arcaureus-stream/gcf/us-central1/tags/list [none]
[debug] [2024-11-15T07:37:16.971Z] <<< [apiv2][status] GET https://us.gcr.io/v2/arcaureus-stream/gcf/us-central1/tags/list 404
[debug] [2024-11-15T07:37:16.971Z] <<< [apiv2][body] GET https://us.gcr.io/v2/arcaureus-stream/gcf/us-central1/tags/list {"errors":[{"code":"NAME_UNKNOWN","message":"Repository \"us.gcr.io\" not found"}]}
[debug] [2024-11-15T07:37:16.972Z] Failed docker command with error  Request to https://us.gcr.io/v2/arcaureus-stream/gcf/us-central1/tags/list had HTTP Error: 404, Not Found {"name":"FirebaseError","children":[],"context":{"body":{"errors":[{"code":"NAME_UNKNOWN","message":"Repository \"us.gcr.io\" not found"}],"error":{"message":"Not Found"}},"response":{"statusCode":404}},"exit":1,"message":"Request to https://us.gcr.io/v2/arcaureus-stream/gcf/us-central1/tags/list had HTTP Error: 404, Not Found","status":404}
[warn] !  functions: Unhandled error cleaning up build images. This could result in a small monthly bill if not corrected. You can attempt to delete these images by redeploying or you can delete them manually at https://console.cloud.google.com/gcr/images/arcaureus-stream/us/gcf 
[debug] [2024-11-15T07:37:16.972Z] Functions deploy failed.
[debug] [2024-11-15T07:37:16.972Z] {
  "endpoint": {
    "id": "nextApp",
    "project": "arcaureus-stream",
    "region": "us-central1",
    "entryPoint": "nextApp",
    "platform": "gcfv2",
    "runtime": "nodejs18",
    "httpsTrigger": {},
    "labels": {
      "deployment-tool": "cli-firebase"
    },
    "ingressSettings": null,
    "availableMemoryMb": null,
    "serviceAccount": null,
    "timeoutSeconds": null,
    "maxInstances": null,
    "minInstances": null,
    "concurrency": 80,
    "vpc": null,
    "environmentVariables": {
      "FIREBASE_CONFIG": "{\"projectId\":\"arcaureus-stream\",\"storageBucket\":\"arcaureus-stream.firebasestorage.app\"}",
      "GCLOUD_PROJECT": "arcaureus-stream",
      "EVENTARC_CLOUD_EVENT_SOURCE": "projects/arcaureus-stream/locations/us-central1/services/nextApp",
      "FUNCTION_TARGET": "nextApp",
      "LOG_EXECUTION_ID": "true"
    },
    "codebase": "default",
    "runServiceId": "nextapp",
    "cpu": 1,
    "securityLevel": "SECURE_ALWAYS",
    "targetedByOnly": false,
    "hash": "06d1ac746af8640670005864f173ae219e4dffd4"
  },
  "op": "update",
  "original": {
    "name": "FirebaseError",
    "children": [],
    "exit": 1,
    "message": "Could not create or update Cloud Run service nextapp, Container Healthcheck failed. Revision 'nextapp-00002-qay' is not ready and cannot serve traffic. The user-provided container failed to start and listen on the port defined provided by the PORT=8080 environment variable within the allocated timeout. This can happen when the container port is misconfigured or if the timeout is too short. The healtcheck timeout can be extended. Logs for this revision might contain more information.\n\nLogs URL: https://console.cloud.google.com/logs/viewer?project=arcaureus-stream&resource=cloud_run_revision/service_name/nextapp/revision_name/nextapp-00002-qay&advancedFilter=resource.type%3D%22cloud_run_revision%22%0Aresource.labels.service_name%3D%22nextapp%22%0Aresource.labels.revision_name%3D%22nextapp-00002-qay%22 \nFor more troubleshooting guidance, see https://cloud.google.com/run/docs/troubleshooting#container-failed-to-start",
    "original": {
      "code": 3,
      "message": "Could not create or update Cloud Run service nextapp, Container Healthcheck failed. Revision 'nextapp-00002-qay' is not ready and cannot serve traffic. The user-provided container failed to start and listen on the port defined provided by the PORT=8080 environment variable within the allocated timeout. This can happen when the container port is misconfigured or if the timeout is too short. The healtcheck timeout can be extended. Logs for this revision might contain more information.\n\nLogs URL: https://console.cloud.google.com/logs/viewer?project=arcaureus-stream&resource=cloud_run_revision/service_name/nextapp/revision_name/nextapp-00002-qay&advancedFilter=resource.type%3D%22cloud_run_revision%22%0Aresource.labels.service_name%3D%22nextapp%22%0Aresource.labels.revision_name%3D%22nextapp-00002-qay%22 \nFor more troubleshooting guidance, see https://cloud.google.com/run/docs/troubleshooting#container-failed-to-start"
    },
    "status": 3,
    "code": 3
  }
}
[debug] [2024-11-15T07:37:17.010Z] Error: Failed to update function nextApp in region us-central1
    at C:\Users\rober\AppData\Roaming\npm\node_modules\firebase-tools\lib\deploy\functions\release\fabricator.js:399:19
    at process.processTicksAndRejections (node:internal/process/task_queues:95:5)
    at async Fabricator.updateV2Function (C:\Users\rober\AppData\Roaming\npm\node_modules\firebase-tools\lib\deploy\functions\release\fabricator.js:388:32)
    at async Fabricator.updateEndpoint (C:\Users\rober\AppData\Roaming\npm\node_modules\firebase-tools\lib\deploy\functions\release\fabricator.js:155:13)
    at async handle (C:\Users\rober\AppData\Roaming\npm\node_modules\firebase-tools\lib\deploy\functions\release\fabricator.js:89:17)
[error] 
[error] Error: There was an error deploying functions
